#
# A fatal error has been detected by the Java Runtime Environment:
#
#  SIGSEGV (0xb) at pc=0x00007ff6704ee706, pid=25880, tid=140695255144192
#
# JRE version: OpenJDK Runtime Environment (7.0_95) (build 1.7.0_95-b00)
# Java VM: OpenJDK 64-Bit Server VM (24.95-b01 mixed mode linux-amd64 compressed oops)
# Derivative: IcedTea 2.6.4
# Distribution: Ubuntu 14.04 LTS, package 7u95-2.6.4-0ubuntu0.14.04.2
# Problematic frame:
# C  [libopencv_video.so.3.1+0xc706]  cv::MOG2Invoker::operator()(cv::Range const&) const+0x13e6
#
# Failed to write core dump. Core dumps have been disabled. To enable core dumping, try "ulimit -c unlimited" before starting Java again
#
# If you would like to submit a bug report, please include
# instructions on how to reproduce the bug and visit:
#   http://icedtea.classpath.org/bugzilla
#

---------------  T H R E A D  ---------------

Current thread is native thread

siginfo:si_signo=SIGSEGV: si_errno=0, si_code=2 (SEGV_ACCERR), si_addr=0x00007ff5e52c0040

Registers:
RAX=0x0000000000000000, RBX=0x00007ff5e44b0040, RCX=0x0000000000000000, RDX=0x00007ff6203a4701
RSP=0x00007ff62ab43dd0, RBP=0x00007ff5e52c0040, RSI=0x0000000000000000, RDI=0x00007ff5e44b0040
R8 =0x00007ff5e52c0040, R9 =0x0000000000000002, R10=0x0000000000000003, R11=0x00007ff5e52c0040
R12=0x00000000000000c0, R13=0x000000000000000c, R14=0x0000000000000000, R15=0x00007ff6040014a0
RIP=0x00007ff6704ee706, EFLAGS=0x0000000000010246, CSGSFS=0x0000000000000033, ERR=0x0000000000000006
  TRAPNO=0x000000000000000e

Top of Stack: (sp=0x00007ff62ab43dd0)
0x00007ff62ab43dd0:   0000000000000000 0000000000000000
0x00007ff62ab43de0:   0000000000000000 0000000000000000
0x00007ff62ab43df0:   0000000000000000 0000000000000000
0x00007ff62ab43e00:   0000000000000000 0000000000000000
0x00007ff62ab43e10:   0000000000000000 0000000000000000
0x00007ff62ab43e20:   0000000000000000 0000000000000000
0x00007ff62ab43e30:   fffffffffffffffd 00007ff62b775760
0x00007ff62ab43e40:   00000000fffffffd 0000000000000000
0x00007ff62ab43e50:   0000000000000000 00007ff5e44b0040
0x00007ff62ab43e60:   3f00000000000000 0000000000000000
0x00007ff62ab43e70:   0000000000000000 0000000000000000
0x00007ff62ab43e80:   000000000000000c 0000000000000003
0x00007ff62ab43e90:   0000000000000000 0000000000000000
0x00007ff62ab43ea0:   0000000000000000 0000000100000000
0x00007ff62ab43eb0:   0000000000000000 fffffffffffffff4
0x00007ff62ab43ec0:   00007ff62ab44020 0000028000000002
0x00007ff62ab43ed0:   fffffffffffffffd 00000001fffffffd
0x00007ff62ab43ee0:   0000000000000004 0000000000000000
0x00007ff62ab43ef0:   0000000000000008 0000000000000002
0x00007ff62ab43f00:   0000000000000000 0000000000000001
0x00007ff62ab43f10:   000000c100000002 00007ff6206fb920
0x00007ff62ab43f20:   0000000000000000 00000000000000c0
0x00007ff62ab43f30:   4000000000000000 0000012000000003
0x00007ff62ab43f40:   000000000001e000 42ff0015000000c1
0x00007ff62ab43f50:   fffffffffffffff4 00007ff6203c2700
0x00007ff62ab43f60:   00007ff62ab44080 000000000000000c
0x00007ff62ab43f70:   0000000000000280 00007ff62ab44028
0x00007ff62ab43f80:   000000c1000000c0 0000000000000000
0x00007ff62ab43f90:   7fffffff80000000 0000000000000000
0x00007ff62ab43fa0:   00000000c2010000 00007ff62ab44020
0x00007ff62ab43fb0:   0000000000000000 0000000000000000
0x00007ff62ab43fc0:   0000000242ffc010 0000000000000000 

Instructions: (pc=0x00007ff6704ee706)
0x00007ff6704ee6e6:   f3 ff ff 8d 71 ff 89 f1 e9 21 fb ff ff c7 07 00
0x00007ff6704ee6f6:   00 80 3f e9 68 fb ff ff 31 c0 f3 41 0f 10 04 07
0x00007ff6704ee706:   f3 41 0f 11 04 00 48 83 c0 04 49 39 c5 75 eb e9
0x00007ff6704ee716:   8b fc ff ff 48 8b 44 24 68 0f b6 40 59 e9 5c f5 

Register to memory mapping:

RAX=0x0000000000000000 is an unknown value
RBX=0x00007ff5e44b0040 is an unknown value
RCX=0x0000000000000000 is an unknown value
RDX=0x00007ff6203a4701 is an unknown value
RSP=0x00007ff62ab43dd0 is an unknown value
RBP=0x00007ff5e52c0040 is an unknown value
RSI=0x0000000000000000 is an unknown value
RDI=0x00007ff5e44b0040 is an unknown value
R8 =0x00007ff5e52c0040 is an unknown value
R9 =0x0000000000000002 is an unknown value
R10=0x0000000000000003 is an unknown value
R11=0x00007ff5e52c0040 is an unknown value
R12=0x00000000000000c0 is an unknown value
R13=0x000000000000000c is an unknown value
R14=0x0000000000000000 is an unknown value
R15=0x00007ff6040014a0 is an unknown value


Stack: [0x00007ff62a745000,0x00007ff62ab46000],  sp=0x00007ff62ab43dd0,  free space=4091k
Native frames: (J=compiled Java code, j=interpreted, Vv=VM code, C=native code)
C  [libopencv_video.so.3.1+0xc706]  cv::MOG2Invoker::operator()(cv::Range const&) const+0x13e6

[error occurred during error reporting (printing native stack), id 0xb]


---------------  P R O C E S S  ---------------

VM state:not at safepoint (normal execution)

VM Mutex/Monitor currently owned by a thread: None

Heap
 PSYoungGen      total 27648K, used 20082K [0x00000000e1700000, 0x00000000e3580000, 0x0000000100000000)
  eden space 24064K, 72% used [0x00000000e1700000,0x00000000e27f6580,0x00000000e2e80000)
  from space 3584K, 75% used [0x00000000e2e80000,0x00000000e31263c0,0x00000000e3200000)
  to   space 3584K, 0% used [0x00000000e3200000,0x00000000e3200000,0x00000000e3580000)
 ParOldGen       total 62464K, used 0K [0x00000000a4600000, 0x00000000a8300000, 0x00000000e1700000)
  object space 62464K, 0% used [0x00000000a4600000,0x00000000a4600000,0x00000000a8300000)
 PSPermGen       total 21504K, used 10606K [0x000000009a000000, 0x000000009b500000, 0x00000000a4600000)
  object space 21504K, 49% used [0x000000009a000000,0x000000009aa5b9c0,0x000000009b500000)

Card table byte_map: [0x00007ff682130000,0x00007ff682461000] byte_map_base: 0x00007ff681c60000

Polling page: 0x00007ff685954000

Code Cache  [0x00007ff679000000, 0x00007ff679270000, 0x00007ff67c000000)
 total_blobs=543 nmethods=22 adapters=475 free_code_cache=48552Kb largest_free_block=49698944

Compilation events (10 events):
Event: 0,473 Thread 0x00007ff67c0ad000   18             sun.java2d.loops.GraphicsPrimitive::getUniqueID (5 bytes)
Event: 0,473 Thread 0x00007ff67c0ad000 nmethod 18 0x00007ff67908da10 code [0x00007ff67908db40, 0x00007ff67908db98]
Event: 1,748 Thread 0x00007ff67c0aa000   19             java.lang.String::indexOf (166 bytes)
Event: 1,767 Thread 0x00007ff67c0aa000 nmethod 19 0x00007ff679095890 code [0x00007ff679095a00, 0x00007ff679095ed8]
Event: 1,811 Thread 0x00007ff67c0ad000   20             java.util.Arrays::binarySearch0 (95 bytes)
Event: 1,811 Thread 0x00007ff67c0aa000   21             sun.java2d.loops.GraphicsPrimitiveMgr$2::compare (39 bytes)
Event: 1,812 Thread 0x00007ff67c0aa000 nmethod 21 0x00007ff679094610 code [0x00007ff679094760, 0x00007ff679094838]
Event: 1,813 Thread 0x00007ff67c0ad000 nmethod 20 0x00007ff679094110 code [0x00007ff679094260, 0x00007ff679094418]
Event: 1,820 Thread 0x00007ff67c0aa000   22             java.lang.Math::min (11 bytes)
Event: 1,820 Thread 0x00007ff67c0aa000 nmethod 22 0x00007ff679080610 code [0x00007ff679080740, 0x00007ff679080778]

GC Heap History (2 events):
Event: 2,284 GC heap before
{Heap before GC invocations=1 (full 0):
 PSYoungGen      total 27648K, used 23997K [0x00000000e1700000, 0x00000000e3580000, 0x0000000100000000)
  eden space 24064K, 99% used [0x00000000e1700000,0x00000000e2e6f4a8,0x00000000e2e80000)
  from space 3584K, 0% used [0x00000000e3200000,0x00000000e3200000,0x00000000e3580000)
  to   space 3584K, 0% used [0x00000000e2e80000,0x00000000e2e80000,0x00000000e3200000)
 ParOldGen       total 62464K, used 0K [0x00000000a4600000, 0x00000000a8300000, 0x00000000e1700000)
  object space 62464K, 0% used [0x00000000a4600000,0x00000000a4600000,0x00000000a8300000)
 PSPermGen       total 21504K, used 10590K [0x000000009a000000, 0x000000009b500000, 0x00000000a4600000)
  object space 21504K, 49% used [0x000000009a000000,0x000000009aa57b18,0x000000009b500000)
Event: 2,298 GC heap after
Heap after GC invocations=1 (full 0):
 PSYoungGen      total 27648K, used 2712K [0x00000000e1700000, 0x00000000e3580000, 0x0000000100000000)
  eden space 24064K, 0% used [0x00000000e1700000,0x00000000e1700000,0x00000000e2e80000)
  from space 3584K, 75% used [0x00000000e2e80000,0x00000000e31263c0,0x00000000e3200000)
  to   space 3584K, 0% used [0x00000000e3200000,0x00000000e3200000,0x00000000e3580000)
 ParOldGen       total 62464K, used 0K [0x00000000a4600000, 0x00000000a8300000, 0x00000000e1700000)
  object space 62464K, 0% used [0x00000000a4600000,0x00000000a4600000,0x00000000a8300000)
 PSPermGen       total 21504K, used 10590K [0x000000009a000000, 0x000000009b500000, 0x00000000a4600000)
  object space 21504K, 49% used [0x000000009a000000,0x000000009aa57b18,0x000000009b500000)
}

Deoptimization events (3 events):
Event: 0,162 Thread 0x00007ff67c00a000 Uncommon trap: reason=unstable_if action=reinterpret pc=0x00007ff6790770f4 method=java.lang.String.indexOf(II)I @ 49
Event: 0,287 Thread 0x00007ff67c00a000 Uncommon trap: reason=unstable_if action=reinterpret pc=0x00007ff6790847bc method=java.util.Properties$LineReader.readLine()I @ 369
Event: 1,746 Thread 0x00007ff67c39e800 Uncommon trap: reason=unstable_if action=reinterpret pc=0x00007ff67908a788 method=capture.Tetrix$DetectionThread.run()V @ 10

Internal exceptions (10 events):
Event: 0,367 Thread 0x00007ff67c00a000 Threw 0x00000000e1a9b238 at /build/openjdk-7-HVzwJZ/openjdk-7-7u95-2.6.4/build/openjdk/hotspot/src/share/vm/prims/jvm.cpp:1322
Event: 0,367 Thread 0x00007ff67c397800 Threw 0x00000000e1b458d8 at /build/openjdk-7-HVzwJZ/openjdk-7-7u95-2.6.4/build/openjdk/hotspot/src/share/vm/prims/jvm.cpp:1322
Event: 0,616 Thread 0x00007ff61d014000 Threw 0x00000000e1c47cf8 at /build/openjdk-7-HVzwJZ/openjdk-7-7u95-2.6.4/build/openjdk/hotspot/src/share/vm/prims/jni.cpp:747
Event: 1,747 Thread 0x00007ff67c39e800 Threw 0x00000000e1bbe008 at /build/openjdk-7-HVzwJZ/openjdk-7-7u95-2.6.4/build/openjdk/hotspot/src/share/vm/prims/jvm.cpp:1322
Event: 1,748 Thread 0x00007ff67c39e800 Threw 0x00000000e1bc79b0 at /build/openjdk-7-HVzwJZ/openjdk-7-7u95-2.6.4/build/openjdk/hotspot/src/share/vm/prims/jvm.cpp:1322
Event: 1,748 Thread 0x00007ff67c39e800 Threw 0x00000000e1bccf70 at /build/openjdk-7-HVzwJZ/openjdk-7-7u95-2.6.4/build/openjdk/hotspot/src/share/vm/prims/jvm.cpp:1322
Event: 1,749 Thread 0x00007ff67c39e800 Threw 0x00000000e1bd2838 at /build/openjdk-7-HVzwJZ/openjdk-7-7u95-2.6.4/build/openjdk/hotspot/src/share/vm/prims/jvm.cpp:1322
Event: 1,749 Thread 0x00007ff67c39e800 Threw 0x00000000e1bd8a40 at /build/openjdk-7-HVzwJZ/openjdk-7-7u95-2.6.4/build/openjdk/hotspot/src/share/vm/prims/jvm.cpp:1322
Event: 1,750 Thread 0x00007ff67c39e800 Threw 0x00000000e1bdc798 at /build/openjdk-7-HVzwJZ/openjdk-7-7u95-2.6.4/build/openjdk/hotspot/src/share/vm/prims/jvm.cpp:1322
Event: 1,775 Thread 0x00007ff67c39e800 Threw 0x00000000e1c2b110 at /build/openjdk-7-HVzwJZ/openjdk-7-7u95-2.6.4/build/openjdk/hotspot/src/share/vm/prims/jvm.cpp:1322

Events (10 events):
Event: 1,825 loading class 0x00007ff67c049f90
Event: 1,825 loading class 0x00007ff67c049f90 done
Event: 1,825 loading class 0x00007ff67c238cb0
Event: 1,826 loading class 0x00007ff67c238cb0 done
Event: 1,826 loading class 0x00007ff67c112960
Event: 1,826 loading class 0x00007ff67c112960 done
Event: 2,284 Executing VM operation: ParallelGCFailedAllocation
Event: 2,298 Executing VM operation: ParallelGCFailedAllocation done
Event: 2,494 loading class 0x00007ff64c0259e0
Event: 2,494 loading class 0x00007ff64c0259e0 done


Dynamic libraries:
00400000-00401000 r-xp 00000000 08:02 1715270                            /usr/lib/jvm/java-7-openjdk-amd64/jre/bin/java
00600000-00601000 r--p 00000000 08:02 1715270                            /usr/lib/jvm/java-7-openjdk-amd64/jre/bin/java
00601000-00602000 rw-p 00001000 08:02 1715270                            /usr/lib/jvm/java-7-openjdk-amd64/jre/bin/java
0147e000-0149f000 rw-p 00000000 00:00 0                                  [heap]
9a000000-9b500000 rw-p 00000000 00:00 0 
9b500000-a4600000 rw-p 00000000 00:00 0 
a4600000-a8300000 rw-p 00000000 00:00 0 
a8300000-e1700000 rw-p 00000000 00:00 0 
e1700000-e3580000 rw-p 00000000 00:00 0 
e3580000-100000000 rw-p 00000000 00:00 0 
7ff5e0000000-7ff5e34bd000 rw-p 00000000 00:00 0 
7ff5e34bd000-7ff5e4000000 ---p 00000000 00:00 0 
7ff5e4000000-7ff5e51b5000 rw-p 00000000 00:00 0 
7ff5e51b5000-7ff5e8000000 ---p 00000000 00:00 0 
7ff5e8000000-7ff5eb4bd000 rw-p 00000000 00:00 0 
7ff5eb4bd000-7ff5ec000000 ---p 00000000 00:00 0 
7ff5ec000000-7ff5ef4bd000 rw-p 00000000 00:00 0 
7ff5ef4bd000-7ff5f0000000 ---p 00000000 00:00 0 
7ff5f0000000-7ff5f34bd000 rw-p 00000000 00:00 0 
7ff5f34bd000-7ff5f4000000 ---p 00000000 00:00 0 
7ff5f4000000-7ff5f6ee1000 rw-p 00000000 00:00 0 
7ff5f6ee1000-7ff5f8000000 ---p 00000000 00:00 0 
7ff5f8000000-7ff5fb4bd000 rw-p 00000000 00:00 0 
7ff5fb4bd000-7ff5fc000000 ---p 00000000 00:00 0 
7ff5fc000000-7ff5ff4bd000 rw-p 00000000 00:00 0 
7ff5ff4bd000-7ff600000000 ---p 00000000 00:00 0 
7ff600000000-7ff600021000 rw-p 00000000 00:00 0 
7ff600021000-7ff604000000 ---p 00000000 00:00 0 
7ff604000000-7ff604021000 rw-p 00000000 00:00 0 
7ff604021000-7ff608000000 ---p 00000000 00:00 0 
7ff608000000-7ff608021000 rw-p 00000000 00:00 0 
7ff608021000-7ff60c000000 ---p 00000000 00:00 0 
7ff610000000-7ff610021000 rw-p 00000000 00:00 0 
7ff610021000-7ff614000000 ---p 00000000 00:00 0 
7ff614000000-7ff614024000 rw-p 00000000 00:00 0 
7ff614024000-7ff618000000 ---p 00000000 00:00 0 
7ff618000000-7ff61c000000 rw-p 00000000 00:00 0 
7ff61c000000-7ff61d1f3000 rw-p 00000000 00:00 0 
7ff61d1f3000-7ff620000000 ---p 00000000 00:00 0 
7ff620000000-7ff623609000 rw-p 00000000 00:00 0 
7ff623609000-7ff624000000 ---p 00000000 00:00 0 
7ff624000000-7ff624021000 rw-p 00000000 00:00 0 
7ff624021000-7ff628000000 ---p 00000000 00:00 0 
7ff6285b1000-7ff6286dd000 rw-s 00000000 00:04 70516756                   /SYSV00000000 (deleted)
7ff62a42a000-7ff62a432000 r-xp 00000000 08:02 1765927                    /usr/lib/x86_64-linux-gnu/libOpenCL.so.1.0.0
7ff62a432000-7ff62a631000 ---p 00008000 08:02 1765927                    /usr/lib/x86_64-linux-gnu/libOpenCL.so.1.0.0
7ff62a631000-7ff62a632000 r--p 00007000 08:02 1765927                    /usr/lib/x86_64-linux-gnu/libOpenCL.so.1.0.0
7ff62a632000-7ff62a633000 rw-p 00008000 08:02 1765927                    /usr/lib/x86_64-linux-gnu/libOpenCL.so.1.0.0
7ff62a745000-7ff62a746000 ---p 00000000 00:00 0 
7ff62a746000-7ff62ab46000 rwxp 00000000 00:00 0                          [stack:25911]
7ff62ab46000-7ff62ab47000 ---p 00000000 00:00 0 
7ff62ab47000-7ff62af47000 rwxp 00000000 00:00 0                          [stack:25910]
7ff62af47000-7ff62af48000 ---p 00000000 00:00 0 
7ff62af48000-7ff62b348000 rwxp 00000000 00:00 0                          [stack:25909]
7ff62b348000-7ff62b3de000 rw-s 001c2000 00:05 11170                      /dev/video0
7ff62b3de000-7ff62b474000 rw-s 0012c000 00:05 11170                      /dev/video0
7ff62b474000-7ff62b477000 ---p 00000000 00:00 0 
7ff62b477000-7ff62b575000 rwxp 00000000 00:00 0                          [stack:25905]
7ff62b575000-7ff62b578000 ---p 00000000 00:00 0 
7ff62b578000-7ff62b676000 rwxp 00000000 00:00 0                          [stack:25904]
7ff62b676000-7ff62b679000 ---p 00000000 00:00 0 
7ff62b679000-7ff62b777000 rwxp 00000000 00:00 0                          [stack:25903]
7ff62b777000-7ff62b787000 r-xp 00000000 08:02 1725549                    /usr/lib/jvm/java-7-openjdk-amd64/jre/lib/amd64/libnio.so
7ff62b787000-7ff62b987000 ---p 00010000 08:02 1725549                    /usr/lib/jvm/java-7-openjdk-amd64/jre/lib/amd64/libnio.so
7ff62b987000-7ff62b988000 r--p 00010000 08:02 1725549                    /usr/lib/jvm/java-7-openjdk-amd64/jre/lib/amd64/libnio.so
7ff62b988000-7ff62b989000 rw-p 00011000 08:02 1725549                    /usr/lib/jvm/java-7-openjdk-amd64/jre/lib/amd64/libnio.so
7ff62b989000-7ff62b9a0000 r-xp 00000000 08:02 1725504                    /usr/lib/jvm/java-7-openjdk-amd64/jre/lib/amd64/libnet.so
7ff62b9a0000-7ff62bb9f000 ---p 00017000 08:02 1725504                    /usr/lib/jvm/java-7-openjdk-amd64/jre/lib/amd64/libnet.so
7ff62bb9f000-7ff62bba0000 r--p 00016000 08:02 1725504                    /usr/lib/jvm/java-7-openjdk-amd64/jre/lib/amd64/libnet.so
7ff62bba0000-7ff62bba1000 rw-p 00017000 08:02 1725504                    /usr/lib/jvm/java-7-openjdk-amd64/jre/lib/amd64/libnet.so
7ff62bba1000-7ff62bbf3000 r-xp 00000000 08:02 1725500                    /usr/lib/jvm/java-7-openjdk-amd64/jre/lib/amd64/libfontmanager.so
7ff62bbf3000-7ff62bdf2000 ---p 00052000 08:02 1725500                    /usr/lib/jvm/java-7-openjdk-amd64/jre/lib/amd64/libfontmanager.so
7ff62bdf2000-7ff62bdf5000 r--p 00051000 08:02 1725500                    /usr/lib/jvm/java-7-openjdk-amd64/jre/lib/amd64/libfontmanager.so
7ff62bdf5000-7ff62bdf6000 rw-p 00054000 08:02 1725500                    /usr/lib/jvm/java-7-openjdk-amd64/jre/lib/amd64/libfontmanager.so
7ff62bdf6000-7ff62bdff000 r-xp 00000000 08:02 1712162                    /usr/lib/x86_64-linux-gnu/libXcursor.so.1.0.2
7ff62bdff000-7ff62bffe000 ---p 00009000 08:02 1712162                    /usr/lib/x86_64-linux-gnu/libXcursor.so.1.0.2
7ff62bffe000-7ff62bfff000 r--p 00008000 08:02 1712162                    /usr/lib/x86_64-linux-gnu/libXcursor.so.1.0.2
7ff62bfff000-7ff62c000000 rw-p 00009000 08:02 1712162                    /usr/lib/x86_64-linux-gnu/libXcursor.so.1.0.2
7ff62c000000-7ff62c021000 rw-p 00000000 00:00 0 
7ff62c021000-7ff630000000 ---p 00000000 00:00 0 
7ff63002f000-7ff6300c5000 rw-s 00096000 00:05 11170                      /dev/video0
7ff6300c5000-7ff6300c8000 ---p 00000000 00:00 0 
7ff6300c8000-7ff6301c6000 rwxp 00000000 00:00 0                          [stack:25902]
7ff6301c6000-7ff6301c8000 r-xp 00000000 08:02 266257                     /lib/x86_64-linux-gnu/libkeyutils.so.1.4
7ff6301c8000-7ff6303c8000 ---p 00002000 08:02 266257                     /lib/x86_64-linux-gnu/libkeyutils.so.1.4
7ff6303c8000-7ff6303c9000 r--p 00002000 08:02 266257                     /lib/x86_64-linux-gnu/libkeyutils.so.1.4
7ff6303c9000-7ff6303ca000 rw-p 00003000 08:02 266257                     /lib/x86_64-linux-gnu/libkeyutils.so.1.4
7ff6303ca000-7ff6303d4000 r-xp 00000000 08:02 1707778                    /usr/lib/x86_64-linux-gnu/libkrb5support.so.0.1
7ff6303d4000-7ff6305d3000 ---p 0000a000 08:02 1707778                    /usr/lib/x86_64-linux-gnu/libkrb5support.so.0.1
7ff6305d3000-7ff6305d4000 r--p 00009000 08:02 1707778                    /usr/lib/x86_64-linux-gnu/libkrb5support.so.0.1
7ff6305d4000-7ff6305d5000 rw-p 0000a000 08:02 1707778                    /usr/lib/x86_64-linux-gnu/libkrb5support.so.0.1
7ff6305d5000-7ff6305d8000 r-xp 00000000 08:02 266148                     /lib/x86_64-linux-gnu/libcom_err.so.2.1
7ff6305d8000-7ff6307d7000 ---p 00003000 08:02 266148                     /lib/x86_64-linux-gnu/libcom_err.so.2.1
7ff6307d7000-7ff6307d8000 r--p 00002000 08:02 266148                     /lib/x86_64-linux-gnu/libcom_err.so.2.1
7ff6307d8000-7ff6307d9000 rw-p 00003000 08:02 266148                     /lib/x86_64-linux-gnu/libcom_err.so.2.1
7ff6307d9000-7ff630805000 r-xp 00000000 08:02 1706000                    /usr/lib/x86_64-linux-gnu/libk5crypto.so.3.1
7ff630805000-7ff630a04000 ---p 0002c000 08:02 1706000                    /usr/lib/x86_64-linux-gnu/libk5crypto.so.3.1
7ff630a04000-7ff630a06000 r--p 0002b000 08:02 1706000                    /usr/lib/x86_64-linux-gnu/libk5crypto.so.3.1
7ff630a06000-7ff630a07000 rw-p 0002d000 08:02 1706000                    /usr/lib/x86_64-linux-gnu/libk5crypto.so.3.1
7ff630a07000-7ff630a08000 rw-p 00000000 00:00 0 
7ff630a08000-7ff630ac4000 r-xp 00000000 08:02 1707113                    /usr/lib/x86_64-linux-gnu/libkrb5.so.3.3
7ff630ac4000-7ff630cc4000 ---p 000bc000 08:02 1707113                    /usr/lib/x86_64-linux-gnu/libkrb5.so.3.3
7ff630cc4000-7ff630cd1000 r--p 000bc000 08:02 1707113                    /usr/lib/x86_64-linux-gnu/libkrb5.so.3.3
7ff630cd1000-7ff630cd3000 rw-p 000c9000 08:02 1707113                    /usr/lib/x86_64-linux-gnu/libkrb5.so.3.3
7ff630cd3000-7ff630cea000 r-xp 00000000 08:02 271149                     /lib/x86_64-linux-gnu/libresolv-2.19.so
7ff630cea000-7ff630eea000 ---p 00017000 08:02 271149                     /lib/x86_64-linux-gnu/libresolv-2.19.so
7ff630eea000-7ff630eeb000 r--p 00017000 08:02 271149                     /lib/x86_64-linux-gnu/libresolv-2.19.so
7ff630eeb000-7ff630eec000 rw-p 00018000 08:02 271149                     /lib/x86_64-linux-gnu/libresolv-2.19.so
7ff630eec000-7ff630eee000 rw-p 00000000 00:00 0 
7ff630eee000-7ff630f0e000 r-xp 00000000 08:02 266344                     /lib/x86_64-linux-gnu/libselinux.so.1
7ff630f0e000-7ff63110d000 ---p 00020000 08:02 266344                     /lib/x86_64-linux-gnu/libselinux.so.1
7ff63110d000-7ff63110e000 r--p 0001f000 08:02 266344                     /lib/x86_64-linux-gnu/libselinux.so.1
7ff63110e000-7ff63110f000 rw-p 00020000 08:02 266344                     /lib/x86_64-linux-gnu/libselinux.so.1
7ff63110f000-7ff631111000 rw-p 00000000 00:00 0 
7ff631111000-7ff631120000 r-xp 00000000 08:02 1712259                    /usr/lib/x86_64-linux-gnu/libavahi-client.so.3.2.9
7ff631120000-7ff631320000 ---p 0000f000 08:02 1712259                    /usr/lib/x86_64-linux-gnu/libavahi-client.so.3.2.9
7ff631320000-7ff631321000 r--p 0000f000 08:02 1712259                    /usr/lib/x86_64-linux-gnu/libavahi-client.so.3.2.9
7ff631321000-7ff631322000 rw-p 00010000 08:02 1712259                    /usr/lib/x86_64-linux-gnu/libavahi-client.so.3.2.9
7ff631322000-7ff63132d000 r-xp 00000000 08:02 1712261                    /usr/lib/x86_64-linux-gnu/libavahi-common.so.3.5.3
7ff63132d000-7ff63152c000 ---p 0000b000 08:02 1712261                    /usr/lib/x86_64-linux-gnu/libavahi-common.so.3.5.3
7ff63152c000-7ff63152d000 r--p 0000a000 08:02 1712261                    /usr/lib/x86_64-linux-gnu/libavahi-common.so.3.5.3
7ff63152d000-7ff63152e000 rw-p 0000b000 08:02 1712261                    /usr/lib/x86_64-linux-gnu/libavahi-common.so.3.5.3
7ff63152e000-7ff631572000 r-xp 00000000 08:02 1706009                    /usr/lib/x86_64-linux-gnu/libgssapi_krb5.so.2.2
7ff631572000-7ff631772000 ---p 00044000 08:02 1706009                    /usr/lib/x86_64-linux-gnu/libgssapi_krb5.so.2.2
7ff631772000-7ff631773000 r--p 00044000 08:02 1706009                    /usr/lib/x86_64-linux-gnu/libgssapi_krb5.so.2.2
7ff631773000-7ff631775000 rw-p 00045000 08:02 1706009                    /usr/lib/x86_64-linux-gnu/libgssapi_krb5.so.2.2
7ff631775000-7ff6318e1000 r-xp 00000000 08:02 1712538                    /usr/lib/x86_64-linux-gnu/libgio-2.0.so.0.4002.0
7ff6318e1000-7ff631ae0000 ---p 0016c000 08:02 1712538                    /usr/lib/x86_64-linux-gnu/libgio-2.0.so.0.4002.0
7ff631ae0000-7ff631ae4000 r--p 0016b000 08:02 1712538                    /usr/lib/x86_64-linux-gnu/libgio-2.0.so.0.4002.0
7ff631ae4000-7ff631ae6000 rw-p 0016f000 08:02 1712538                    /usr/lib/x86_64-linux-gnu/libgio-2.0.so.0.4002.0
7ff631ae6000-7ff631ae8000 rw-p 00000000 00:00 0 
7ff631ae8000-7ff631b22000 r-xp 00000000 08:02 1712451                    /usr/lib/x86_64-linux-gnu/libfontconfig.so.1.8.0
7ff631b22000-7ff631d21000 ---p 0003a000 08:02 1712451                    /usr/lib/x86_64-linux-gnu/libfontconfig.so.1.8.0
7ff631d21000-7ff631d23000 r--p 00039000 08:02 1712451                    /usr/lib/x86_64-linux-gnu/libfontconfig.so.1.8.0
7ff631d23000-7ff631d24000 rw-p 0003b000 08:02 1712451                    /usr/lib/x86_64-linux-gnu/libfontconfig.so.1.8.0
7ff631d24000-7ff631d90000 r-xp 00000000 08:02 1704119                    /usr/lib/x86_64-linux-gnu/libcups.so.2
7ff631d90000-7ff631f90000 ---p 0006c000 08:02 1704119                    /usr/lib/x86_64-linux-gnu/libcups.so.2
7ff631f90000-7ff631f97000 r--p 0006c000 08:02 1704119                    /usr/lib/x86_64-linux-gnu/libcups.so.2
7ff631f97000-7ff631f98000 rw-p 00073000 08:02 1704119                    /usr/lib/x86_64-linux-gnu/libcups.so.2
7ff631f98000-7ff631fa7000 r-xp 00000000 08:02 1707669                    /usr/lib/x86_64-linux-gnu/libXi.so.6.1.0
7ff631fa7000-7ff6321a6000 ---p 0000f000 08:02 1707669                    /usr/lib/x86_64-linux-gnu/libXi.so.6.1.0
7ff6321a6000-7ff6321a7000 r--p 0000e000 08:02 1707669                    /usr/lib/x86_64-linux-gnu/libXi.so.6.1.0
7ff6321a7000-7ff6321a8000 rw-p 0000f000 08:02 1707669                    /usr/lib/x86_64-linux-gnu/libXi.so.6.1.0
7ff6321a8000-7ff6321ad000 r-xp 00000000 08:02 1712196                    /usr/lib/x86_64-linux-gnu/libXtst.so.6.1.0
7ff6321ad000-7ff6323ac000 ---p 00005000 08:02 1712196                    /usr/lib/x86_64-linux-gnu/libXtst.so.6.1.0
7ff6323ac000-7ff6323ad000 r--p 00004000 08:02 1712196                    /usr/lib/x86_64-linux-gnu/libXtst.so.6.1.0
7ff6323ad000-7ff6323ae000 rw-p 00005000 08:02 1712196                    /usr/lib/x86_64-linux-gnu/libXtst.so.6.1.0
7ff6323ae000-7ff6323b7000 r-xp 00000000 08:02 1707671                    /usr/lib/x86_64-linux-gnu/libXrender.so.1.3.0
7ff6323b7000-7ff6325b6000 ---p 00009000 08:02 1707671                    /usr/lib/x86_64-linux-gnu/libXrender.so.1.3.0
7ff6325b6000-7ff6325b7000 r--p 00008000 08:02 1707671                    /usr/lib/x86_64-linux-gnu/libXrender.so.1.3.0
7ff6325b7000-7ff6325b8000 rw-p 00009000 08:02 1707671                    /usr/lib/x86_64-linux-gnu/libXrender.so.1.3.0
7ff6325b8000-7ff632600000 r-xp 00000000 08:02 1725424                    /usr/lib/jvm/java-7-openjdk-amd64/jre/lib/amd64/xawt/libmawt.so
7ff632600000-7ff6327ff000 ---p 00048000 08:02 1725424                    /usr/lib/jvm/java-7-openjdk-amd64/jre/lib/amd64/xawt/libmawt.so
7ff6327ff000-7ff632800000 r--p 00047000 08:02 1725424                    /usr/lib/jvm/java-7-openjdk-amd64/jre/lib/amd64/xawt/libmawt.so
7ff632800000-7ff632803000 rw-p 00048000 08:02 1725424                    /usr/lib/jvm/java-7-openjdk-amd64/jre/lib/amd64/xawt/libmawt.so
7ff632803000-7ff632804000 rw-p 00000000 00:00 0 
7ff632804000-7ff6328a4000 r-xp 00000000 08:02 1725498                    /usr/lib/jvm/java-7-openjdk-amd64/jre/lib/amd64/libawt.so
7ff6328a4000-7ff632aa4000 ---p 000a0000 08:02 1725498                    /usr/lib/jvm/java-7-openjdk-amd64/jre/lib/amd64/libawt.so
7ff632aa4000-7ff632aa5000 r--p 000a0000 08:02 1725498                    /usr/lib/jvm/java-7-openjdk-amd64/jre/lib/amd64/libawt.so
7ff632aa5000-7ff632ab0000 rw-p 000a1000 08:02 1725498                    /usr/lib/jvm/java-7-openjdk-amd64/jre/lib/amd64/libawt.so
7ff632ab0000-7ff632ad5000 rw-p 00000000 00:00 0 
7ff632ad5000-7ff632ae7000 r-xp 00000000 08:02 1969085                    /usr/lib/x86_64-linux-gnu/pkcs11/gnome-keyring-pkcs11.so
7ff632ae7000-7ff632ce6000 ---p 00012000 08:02 1969085                    /usr/lib/x86_64-linux-gnu/pkcs11/gnome-keyring-pkcs11.so
7ff632ce6000-7ff632ce8000 r--p 00011000 08:02 1969085                    /usr/lib/x86_64-linux-gnu/pkcs11/gnome-keyring-pkcs11.so
7ff632ce8000-7ff632ce9000 rw-p 00013000 08:02 1969085                    /usr/lib/x86_64-linux-gnu/pkcs11/gnome-keyring-pkcs11.so
7ff632ce9000-7ff632d19000 r-xp 00000000 08:02 1969086                    /usr/lib/x86_64-linux-gnu/pkcs11/p11-kit-trust.so
7ff632d19000-7ff632f19000 ---p 00030000 08:02 1969086                    /usr/lib/x86_64-linux-gnu/pkcs11/p11-kit-trust.so
7ff632f19000-7ff632f20000 r--p 00030000 08:02 1969086                    /usr/lib/x86_64-linux-gnu/pkcs11/p11-kit-trust.so
7ff632f20000-7ff632f21000 rw-p 00037000 08:02 1969086                    /usr/lib/x86_64-linux-gnu/pkcs11/p11-kit-trust.so
7ff632f21000-7ff632f22000 ---p 00000000 00:00 0 
7ff632f22000-7ff633722000 rwxp 00000000 00:00 0                          [stack:25898]
7ff633722000-7ff633922000 rw-p 00000000 00:00 0 
7ff633922000-7ff633938000 r-xp 00000000 08:02 1709679                    /usr/lib/libtbbmalloc.so.2
7ff633938000-7ff633b37000 ---p 00016000 08:02 1709679                    /usr/lib/libtbbmalloc.so.2
7ff633b37000-7ff633b38000 r--p 00015000 08:02 1709679                    /usr/lib/libtbbmalloc.so.2
7ff633b38000-7ff633b3a000 rw-p 00016000 08:02 1709679                    /usr/lib/libtbbmalloc.so.2
7ff633b3a000-7ff633b5a000 rw-p 00000000 00:00 0 
7ff633b5a000-7ff633b5e000 r-xp 00000000 08:02 266247                     /lib/x86_64-linux-gnu/libgpg-error.so.0.10.0
7ff633b5e000-7ff633d5d000 ---p 00004000 08:02 266247                     /lib/x86_64-linux-gnu/libgpg-error.so.0.10.0
7ff633d5d000-7ff633d5e000 r--p 00003000 08:02 266247                     /lib/x86_64-linux-gnu/libgpg-error.so.0.10.0
7ff633d5e000-7ff633d5f000 rw-p 00004000 08:02 266247                     /lib/x86_64-linux-gnu/libgpg-error.so.0.10.0
7ff633d5f000-7ff633da3000 r-xp 00000000 08:02 266228                     /lib/x86_64-linux-gnu/libdbus-1.so.3.7.6
7ff633da3000-7ff633fa2000 ---p 00044000 08:02 266228                     /lib/x86_64-linux-gnu/libdbus-1.so.3.7.6
7ff633fa2000-7ff633fa3000 r--p 00043000 08:02 266228                     /lib/x86_64-linux-gnu/libdbus-1.so.3.7.6
7ff633fa3000-7ff633fa4000 rw-p 00044000 08:02 266228                     /lib/x86_64-linux-gnu/libdbus-1.so.3.7.6
7ff633fa4000-7ff633fac000 r-xp 00000000 08:02 266276                     /lib/x86_64-linux-gnu/libnih-dbus.so.1.0.0
7ff633fac000-7ff6341ac000 ---p 00008000 08:02 266276                     /lib/x86_64-linux-gnu/libnih-dbus.so.1.0.0
7ff6341ac000-7ff6341ad000 r--p 00008000 08:02 266276                     /lib/x86_64-linux-gnu/libnih-dbus.so.1.0.0
7ff6341ad000-7ff6341ae000 rw-p 00009000 08:02 266276                     /lib/x86_64-linux-gnu/libnih-dbus.so.1.0.0
7ff6341ae000-7ff6341c5000 r-xp 00000000 08:02 266278                     /lib/x86_64-linux-gnu/libnih.so.1.0.0
7ff6341c5000-7ff6343c4000 ---p 00017000 08:02 266278                     /lib/x86_64-linux-gnu/libnih.so.1.0.0
7ff6343c4000-7ff6343c5000 r--p 00016000 08:02 266278                     /lib/x86_64-linux-gnu/libnih.so.1.0.0
7ff6343c5000-7ff6343c6000 rw-p 00017000 08:02 266278                     /lib/x86_64-linux-gnu/libnih.so.1.0.0
7ff6343c6000-7ff6343df000 r-xp 00000000 08:02 266145                     /lib/x86_64-linux-gnu/libcgmanager.so.0.0.0
7ff6343df000-7ff6345de000 ---p 00019000 08:02 266145                     /lib/x86_64-linux-gnu/libcgmanager.so.0.0.0
7ff6345de000-7ff6345e0000 r--p 00018000 08:02 266145                     /lib/x86_64-linux-gnu/libcgmanager.so.0.0.0
7ff6345e0000-7ff6345e1000 rw-p 0001a000 08:02 266145                     /lib/x86_64-linux-gnu/libcgmanager.so.0.0.0
7ff6345e1000-7ff63461c000 r-xp 00000000 08:02 1712882                    /usr/lib/x86_64-linux-gnu/libp11-kit.so.0.0.0
7ff63461c000-7ff63481b000 ---p 0003b000 08:02 1712882                    /usr/lib/x86_64-linux-gnu/libp11-kit.so.0.0.0
7ff63481b000-7ff634821000 r--p 0003a000 08:02 1712882                    /usr/lib/x86_64-linux-gnu/libp11-kit.so.0.0.0
7ff634821000-7ff634823000 rw-p 00040000 08:02 1712882                    /usr/lib/x86_64-linux-gnu/libp11-kit.so.0.0.0
7ff634823000-7ff634835000 r-xp 00000000 08:02 1703979                    /usr/lib/x86_64-linux-gnu/libtasn1.so.6.2.0
7ff634835000-7ff634a35000 ---p 00012000 08:02 1703979                    /usr/lib/x86_64-linux-gnu/libtasn1.so.6.2.0
7ff634a35000-7ff634a36000 r--p 00012000 08:02 1703979                    /usr/lib/x86_64-linux-gnu/libtasn1.so.6.2.0
7ff634a36000-7ff634a37000 rw-p 00013000 08:02 1703979                    /usr/lib/x86_64-linux-gnu/libtasn1.so.6.2.0
7ff634a37000-7ff634ab3000 r-xp 00000000 08:02 271156                     /lib/x86_64-linux-gnu/libgcrypt.so.11.8.2
7ff634ab3000-7ff634cb3000 ---p 0007c000 08:02 271156                     /lib/x86_64-linux-gnu/libgcrypt.so.11.8.2
7ff634cb3000-7ff634cb4000 r--p 0007c000 08:02 271156                     /lib/x86_64-linux-gnu/libgcrypt.so.11.8.2
7ff634cb4000-7ff634cb7000 rw-p 0007d000 08:02 271156                     /lib/x86_64-linux-gnu/libgcrypt.so.11.8.2
7ff634cb7000-7ff634cbe000 r-xp 00000000 08:02 1712874                    /usr/lib/x86_64-linux-gnu/libogg.so.0.8.1
7ff634cbe000-7ff634ebe000 ---p 00007000 08:02 1712874                    /usr/lib/x86_64-linux-gnu/libogg.so.0.8.1
7ff634ebe000-7ff634ebf000 r--p 00007000 08:02 1712874                    /usr/lib/x86_64-linux-gnu/libogg.so.0.8.1
7ff634ebf000-7ff634ec0000 rw-p 00008000 08:02 1712874                    /usr/lib/x86_64-linux-gnu/libogg.so.0.8.1
7ff634ec0000-7ff634ed0000 r-xp 00000000 08:02 279109                     /lib/x86_64-linux-gnu/libudev.so.1.3.5
7ff634ed0000-7ff6350cf000 ---p 00010000 08:02 279109                     /lib/x86_64-linux-gnu/libudev.so.1.3.5
7ff6350cf000-7ff6350d0000 r--p 0000f000 08:02 279109                     /lib/x86_64-linux-gnu/libudev.so.1.3.5
7ff6350d0000-7ff6350d1000 rw-p 00010000 08:02 279109                     /lib/x86_64-linux-gnu/libudev.so.1.3.5
7ff6350d1000-7ff6350e1000 r-xp 00000000 08:02 1712629                    /usr/lib/x86_64-linux-gnu/libgstinterfaces-0.10.so.0.25.0
7ff6350e1000-7ff6352e1000 ---p 00010000 08:02 1712629                    /usr/lib/x86_64-linux-gnu/libgstinterfaces-0.10.so.0.25.0
7ff6352e1000-7ff6352e2000 r--p 00010000 08:02 1712629                    /usr/lib/x86_64-linux-gnu/libgstinterfaces-0.10.so.0.25.0
7ff6352e2000-7ff6352e3000 rw-p 00011000 08:02 1712629                    /usr/lib/x86_64-linux-gnu/libgstinterfaces-0.10.so.0.25.0
7ff6352e3000-7ff6352e8000 r-xp 00000000 08:02 1712166                    /usr/lib/x86_64-linux-gnu/libXdmcp.so.6.0.0
7ff6352e8000-7ff6354e7000 ---p 00005000 08:02 1712166                    /usr/lib/x86_64-linux-gnu/libXdmcp.so.6.0.0
7ff6354e7000-7ff6354e8000 r--p 00004000 08:02 1712166                    /usr/lib/x86_64-linux-gnu/libXdmcp.so.6.0.0
7ff6354e8000-7ff6354e9000 rw-p 00005000 08:02 1712166                    /usr/lib/x86_64-linux-gnu/libXdmcp.so.6.0.0
7ff6354e9000-7ff6354eb000 r-xp 00000000 08:02 1712155                    /usr/lib/x86_64-linux-gnu/libXau.so.6.0.0
7ff6354eb000-7ff6356eb000 ---p 00002000 08:02 1712155                    /usr/lib/x86_64-linux-gnu/libXau.so.6.0.0
7ff6356eb000-7ff6356ec000 r--p 00002000 08:02 1712155                    /usr/lib/x86_64-linux-gnu/libXau.so.6.0.0
7ff6356ec000-7ff6356ed000 rw-p 00003000 08:02 1712155                    /usr/lib/x86_64-linux-gnu/libXau.so.6.0.0
7ff6356ed000-7ff6356fc000 r-xp 00000000 08:02 266213                     /lib/x86_64-linux-gnu/libbz2.so.1.0.4
7ff6356fc000-7ff6358fb000 ---p 0000f000 08:02 266213                     /lib/x86_64-linux-gnu/libbz2.so.1.0.4
7ff6358fb000-7ff6358fc000 r--p 0000e000 08:02 266213                     /lib/x86_64-linux-gnu/libbz2.so.1.0.4
7ff6358fc000-7ff6358fd000 rw-p 0000f000 08:02 266213                     /lib/x86_64-linux-gnu/libbz2.so.1.0.4
7ff6358fd000-7ff6359b4000 r-xp 00000000 08:02 1709091                    /usr/lib/x86_64-linux-gnu/libgnutls.so.26.22.6
7ff6359b4000-7ff635bb3000 ---p 000b7000 08:02 1709091                    /usr/lib/x86_64-linux-gnu/libgnutls.so.26.22.6
7ff635bb3000-7ff635bb9000 r--p 000b6000 08:02 1709091                    /usr/lib/x86_64-linux-gnu/libgnutls.so.26.22.6
7ff635bb9000-7ff635bba000 rw-p 000bc000 08:02 1709091                    /usr/lib/x86_64-linux-gnu/libgnutls.so.26.22.6
7ff635bba000-7ff635bbb000 rw-p 00000000 00:00 0 
7ff635bbb000-7ff635bd4000 r-xp 00000000 08:02 1712991                    /usr/lib/x86_64-linux-gnu/librtmp.so.0
7ff635bd4000-7ff635dd3000 ---p 00019000 08:02 1712991                    /usr/lib/x86_64-linux-gnu/librtmp.so.0
7ff635dd3000-7ff635dd4000 r--p 00018000 08:02 1712991                    /usr/lib/x86_64-linux-gnu/librtmp.so.0
7ff635dd4000-7ff635dd5000 rw-p 00019000 08:02 1712991                    /usr/lib/x86_64-linux-gnu/librtmp.so.0
7ff635dd5000-7ff635de9000 r-xp 00000000 08:02 1709623                    /usr/lib/x86_64-linux-gnu/libva.so.1.3500.0
7ff635de9000-7ff635fe9000 ---p 00014000 08:02 1709623                    /usr/lib/x86_64-linux-gnu/libva.so.1.3500.0
7ff635fe9000-7ff635fea000 r--p 00014000 08:02 1709623                    /usr/lib/x86_64-linux-gnu/libva.so.1.3500.0
7ff635fea000-7ff635feb000 rw-p 00015000 08:02 1709623                    /usr/lib/x86_64-linux-gnu/libva.so.1.3500.0
7ff635feb000-7ff635ff8000 r-xp 00000000 08:02 1709562                    /usr/lib/x86_64-linux-gnu/libgsm.so.1.0.12
7ff635ff8000-7ff6361f7000 ---p 0000d000 08:02 1709562                    /usr/lib/x86_64-linux-gnu/libgsm.so.1.0.12
7ff6361f7000-7ff6361f8000 r--p 0000c000 08:02 1709562                    /usr/lib/x86_64-linux-gnu/libgsm.so.1.0.12
7ff6361f8000-7ff6361f9000 rw-p 0000d000 08:02 1709562                    /usr/lib/x86_64-linux-gnu/libgsm.so.1.0.12
7ff6361f9000-7ff636256000 r-xp 00000000 08:02 1709619                    /usr/lib/x86_64-linux-gnu/libmp3lame.so.0.0.0
7ff636256000-7ff636456000 ---p 0005d000 08:02 1709619                    /usr/lib/x86_64-linux-gnu/libmp3lame.so.0.0.0
7ff636456000-7ff636457000 r--p 0005d000 08:02 1709619                    /usr/lib/x86_64-linux-gnu/libmp3lame.so.0.0.0
7ff636457000-7ff636458000 rw-p 0005e000 08:02 1709619                    /usr/lib/x86_64-linux-gnu/libmp3lame.so.0.0.0
7ff636458000-7ff636486000 rw-p 00000000 00:00 0 
7ff636486000-7ff6364af000 r-xp 00000000 08:02 1709674                    /usr/lib/x86_64-linux-gnu/libopencore-amrnb.so.0.0.3
7ff6364af000-7ff6366ae000 ---p 00029000 08:02 1709674                    /usr/lib/x86_64-linux-gnu/libopencore-amrnb.so.0.0.3
7ff6366ae000-7ff6366af000 r--p 00028000 08:02 1709674                    /usr/lib/x86_64-linux-gnu/libopencore-amrnb.so.0.0.3
7ff6366af000-7ff6366b0000 rw-p 00029000 08:02 1709674                    /usr/lib/x86_64-linux-gnu/libopencore-amrnb.so.0.0.3
7ff6366b0000-7ff6366c3000 r-xp 00000000 08:02 1709676                    /usr/lib/x86_64-linux-gnu/libopencore-amrwb.so.0.0.3
7ff6366c3000-7ff6368c2000 ---p 00013000 08:02 1709676                    /usr/lib/x86_64-linux-gnu/libopencore-amrwb.so.0.0.3
7ff6368c2000-7ff6368c3000 r--p 00012000 08:02 1709676                    /usr/lib/x86_64-linux-gnu/libopencore-amrwb.so.0.0.3
7ff6368c3000-7ff6368c4000 rw-p 00013000 08:02 1709676                    /usr/lib/x86_64-linux-gnu/libopencore-amrwb.so.0.0.3
7ff6368c4000-7ff6368e5000 r-xp 00000000 08:02 1709621                    /usr/lib/x86_64-linux-gnu/libopenjpeg-2.1.3.0.so
7ff6368e5000-7ff636ae4000 ---p 00021000 08:02 1709621                    /usr/lib/x86_64-linux-gnu/libopenjpeg-2.1.3.0.so
7ff636ae4000-7ff636ae5000 r--p 00020000 08:02 1709621                    /usr/lib/x86_64-linux-gnu/libopenjpeg-2.1.3.0.so
7ff636ae5000-7ff636ae6000 rw-p 00021000 08:02 1709621                    /usr/lib/x86_64-linux-gnu/libopenjpeg-2.1.3.0.so
7ff636ae6000-7ff636b2d000 r-xp 00000000 08:02 1709591                    /usr/lib/x86_64-linux-gnu/libopus.so.0.5.0
7ff636b2d000-7ff636d2c000 ---p 00047000 08:02 1709591                    /usr/lib/x86_64-linux-gnu/libopus.so.0.5.0
7ff636d2c000-7ff636d2d000 r--p 00046000 08:02 1709591                    /usr/lib/x86_64-linux-gnu/libopus.so.0.5.0
7ff636d2d000-7ff636d2e000 rw-p 00047000 08:02 1709591                    /usr/lib/x86_64-linux-gnu/libopus.so.0.5.0
7ff636d2e000-7ff636dee000 r-xp 00000000 08:02 1709593                    /usr/lib/x86_64-linux-gnu/libschroedinger-1.0.so.0.11.0
7ff636dee000-7ff636fee000 ---p 000c0000 08:02 1709593                    /usr/lib/x86_64-linux-gnu/libschroedinger-1.0.so.0.11.0
7ff636fee000-7ff636ff0000 r--p 000c0000 08:02 1709593                    /usr/lib/x86_64-linux-gnu/libschroedinger-1.0.so.0.11.0
7ff636ff0000-7ff636ff1000 rw-p 000c2000 08:02 1709593                    /usr/lib/x86_64-linux-gnu/libschroedinger-1.0.so.0.11.0
7ff636ff1000-7ff636ff2000 rw-p 00000000 00:00 0 
7ff636ff2000-7ff637009000 r-xp 00000000 08:02 1713045                    /usr/lib/x86_64-linux-gnu/libspeex.so.1.5.0
7ff637009000-7ff637209000 ---p 00017000 08:02 1713045                    /usr/lib/x86_64-linux-gnu/libspeex.so.1.5.0
7ff637209000-7ff63720a000 r--p 00017000 08:02 1713045                    /usr/lib/x86_64-linux-gnu/libspeex.so.1.5.0
7ff63720a000-7ff63720b000 rw-p 00018000 08:02 1713045                    /usr/lib/x86_64-linux-gnu/libspeex.so.1.5.0
7ff63720b000-7ff637223000 r-xp 00000000 08:02 1713085                    /usr/lib/x86_64-linux-gnu/libtheoradec.so.1.1.4
7ff637223000-7ff637422000 ---p 00018000 08:02 1713085                    /usr/lib/x86_64-linux-gnu/libtheoradec.so.1.1.4
7ff637422000-7ff637423000 r--p 00017000 08:02 1713085                    /usr/lib/x86_64-linux-gnu/libtheoradec.so.1.1.4
7ff637423000-7ff637424000 rw-p 00018000 08:02 1713085                    /usr/lib/x86_64-linux-gnu/libtheoradec.so.1.1.4
7ff637424000-7ff637463000 r-xp 00000000 08:02 1713087                    /usr/lib/x86_64-linux-gnu/libtheoraenc.so.1.1.2
7ff637463000-7ff637662000 ---p 0003f000 08:02 1713087                    /usr/lib/x86_64-linux-gnu/libtheoraenc.so.1.1.2
7ff637662000-7ff637663000 r--p 0003e000 08:02 1713087                    /usr/lib/x86_64-linux-gnu/libtheoraenc.so.1.1.2
7ff637663000-7ff637664000 rw-p 0003f000 08:02 1713087                    /usr/lib/x86_64-linux-gnu/libtheoraenc.so.1.1.2
7ff637664000-7ff637680000 r-xp 00000000 08:02 1709603                    /usr/lib/x86_64-linux-gnu/libvo-aacenc.so.0.0.4
7ff637680000-7ff63787f000 ---p 0001c000 08:02 1709603                    /usr/lib/x86_64-linux-gnu/libvo-aacenc.so.0.0.4
7ff63787f000-7ff637880000 r--p 0001b000 08:02 1709603                    /usr/lib/x86_64-linux-gnu/libvo-aacenc.so.0.0.4
7ff637880000-7ff637881000 rw-p 0001c000 08:02 1709603                    /usr/lib/x86_64-linux-gnu/libvo-aacenc.so.0.0.4
7ff637881000-7ff637895000 r-xp 00000000 08:02 1709605                    /usr/lib/x86_64-linux-gnu/libvo-amrwbenc.so.0.0.4
7ff637895000-7ff637a94000 ---p 00014000 08:02 1709605                    /usr/lib/x86_64-linux-gnu/libvo-amrwbenc.so.0.0.4
7ff637a94000-7ff637a95000 r--p 00013000 08:02 1709605                    /usr/lib/x86_64-linux-gnu/libvo-amrwbenc.so.0.0.4
7ff637a95000-7ff637a9b000 rw-p 00014000 08:02 1709605                    /usr/lib/x86_64-linux-gnu/libvo-amrwbenc.so.0.0.4
7ff637a9b000-7ff637ac7000 r-xp 00000000 08:02 1713150                    /usr/lib/x86_64-linux-gnu/libvorbis.so.0.4.5
7ff637ac7000-7ff637cc6000 ---p 0002c000 08:02 1713150                    /usr/lib/x86_64-linux-gnu/libvorbis.so.0.4.5
7ff637cc6000-7ff637cc7000 r--p 0002b000 08:02 1713150                    /usr/lib/x86_64-linux-gnu/libvorbis.so.0.4.5
7ff637cc7000-7ff637cc8000 rw-p 0002c000 08:02 1713150                    /usr/lib/x86_64-linux-gnu/libvorbis.so.0.4.5
7ff637cc8000-7ff637f7b000 r-xp 00000000 08:02 1713152                    /usr/lib/x86_64-linux-gnu/libvorbisenc.so.2.0.8
7ff637f7b000-7ff63817a000 ---p 002b3000 08:02 1713152                    /usr/lib/x86_64-linux-gnu/libvorbisenc.so.2.0.8
7ff63817a000-7ff638196000 r--p 002b2000 08:02 1713152                    /usr/lib/x86_64-linux-gnu/libvorbisenc.so.2.0.8
7ff638196000-7ff638197000 rw-p 002ce000 08:02 1713152                    /usr/lib/x86_64-linux-gnu/libvorbisenc.so.2.0.8
7ff638197000-7ff63832f000 r-xp 00000000 08:02 1713157                    /usr/lib/x86_64-linux-gnu/libvpx.so.1.3.0
7ff63832f000-7ff63852e000 ---p 00198000 08:02 1713157                    /usr/lib/x86_64-linux-gnu/libvpx.so.1.3.0
7ff63852e000-7ff638530000 rw-p 00197000 08:02 1713157                    /usr/lib/x86_64-linux-gnu/libvpx.so.1.3.0
7ff638530000-7ff638576000 rw-p 00000000 00:00 0 
7ff638576000-7ff63868f000 r-xp 00000000 08:02 1709627                    /usr/lib/x86_64-linux-gnu/libx264.so.142
7ff63868f000-7ff63888f000 ---p 00119000 08:02 1709627                    /usr/lib/x86_64-linux-gnu/libx264.so.142
7ff63888f000-7ff638890000 r--p 00119000 08:02 1709627                    /usr/lib/x86_64-linux-gnu/libx264.so.142
7ff638890000-7ff638891000 rw-p 0011a000 08:02 1709627                    /usr/lib/x86_64-linux-gnu/libx264.so.142
7ff638891000-7ff63890c000 rw-p 00000000 00:00 0 
7ff63890c000-7ff6389d7000 r-xp 00000000 08:02 1709609                    /usr/lib/x86_64-linux-gnu/libxvidcore.so.4.3
7ff6389d7000-7ff638bd6000 ---p 000cb000 08:02 1709609                    /usr/lib/x86_64-linux-gnu/libxvidcore.so.4.3
7ff638bd6000-7ff638bd7000 r--p 000ca000 08:02 1709609                    /usr/lib/x86_64-linux-gnu/libxvidcore.so.4.3
7ff638bd7000-7ff638be1000 rw-p 000cb000 08:02 1709609                    /usr/lib/x86_64-linux-gnu/libxvidcore.so.4.3
7ff638be1000-7ff638c4a000 rw-p 00000000 00:00 0 
7ff638c4a000-7ff638c6e000 r-xp 00000000 08:02 1713142                    /usr/lib/x86_64-linux-gnu/libv4lconvert.so.0.0.0
7ff638c6e000-7ff638e6e000 ---p 00024000 08:02 1713142                    /usr/lib/x86_64-linux-gnu/libv4lconvert.so.0.0.0
7ff638e6e000-7ff638e70000 r--p 00024000 08:02 1713142                    /usr/lib/x86_64-linux-gnu/libv4lconvert.so.0.0.0
7ff638e70000-7ff638e71000 rw-p 00026000 08:02 1713142                    /usr/lib/x86_64-linux-gnu/libv4lconvert.so.0.0.0
7ff638e71000-7ff638ec3000 rw-p 00000000 00:00 0 
7ff638ec3000-7ff638f60000 r-xp 00000000 08:02 1706278                    /usr/lib/x86_64-linux-gnu/libfreetype.so.6.11.1
7ff638f60000-7ff63915f000 ---p 0009d000 08:02 1706278                    /usr/lib/x86_64-linux-gnu/libfreetype.so.6.11.1
7ff63915f000-7ff639165000 r--p 0009c000 08:02 1706278                    /usr/lib/x86_64-linux-gnu/libfreetype.so.6.11.1
7ff639165000-7ff639166000 rw-p 000a2000 08:02 1706278                    /usr/lib/x86_64-linux-gnu/libfreetype.so.6.11.1
7ff639166000-7ff63917b000 r-xp 00000000 08:02 266368                     /lib/x86_64-linux-gnu/libusb-1.0.so.0.1.0
7ff63917b000-7ff63937b000 ---p 00015000 08:02 266368                     /lib/x86_64-linux-gnu/libusb-1.0.so.0.1.0
7ff63937b000-7ff63937c000 r--p 00015000 08:02 266368                     /lib/x86_64-linux-gnu/libusb-1.0.so.0.1.0
7ff63937c000-7ff63937d000 rw-p 00016000 08:02 266368                     /lib/x86_64-linux-gnu/libusb-1.0.so.0.1.0
7ff63937d000-7ff63938a000 r-xp 00000000 08:02 1712969                    /usr/lib/x86_64-linux-gnu/libraw1394.so.11.1.0
7ff63938a000-7ff639589000 ---p 0000d000 08:02 1712969                    /usr/lib/x86_64-linux-gnu/libraw1394.so.11.1.0
7ff639589000-7ff63958a000 r--p 0000c000 08:02 1712969                    /usr/lib/x86_64-linux-gnu/libraw1394.so.11.1.0
7ff63958a000-7ff63958b000 rw-p 0000d000 08:02 1712969                    /usr/lib/x86_64-linux-gnu/libraw1394.so.11.1.0
7ff63958b000-7ff6395c0000 r-xp 00000000 08:02 1712665                    /usr/lib/x86_64-linux-gnu/libgsttag-0.10.so.0.25.0
7ff6395c0000-7ff6397bf000 ---p 00035000 08:02 1712665                    /usr/lib/x86_64-linux-gnu/libgsttag-0.10.so.0.25.0
7ff6397bf000-7ff6397c1000 r--p 00034000 08:02 1712665                    /usr/lib/x86_64-linux-gnu/libgsttag-0.10.so.0.25.0
7ff6397c1000-7ff6397c2000 rw-p 00036000 08:02 1712665                    /usr/lib/x86_64-linux-gnu/libgsttag-0.10.so.0.25.0
7ff6397c2000-7ff6397f7000 r-xp 00000000 08:02 1712601                    /usr/lib/x86_64-linux-gnu/libgstaudio-0.10.so.0.25.0
7ff6397f7000-7ff6399f7000 ---p 00035000 08:02 1712601                    /usr/lib/x86_64-linux-gnu/libgstaudio-0.10.so.0.25.0
7ff6399f7000-7ff6399f8000 r--p 00035000 08:02 1712601                    /usr/lib/x86_64-linux-gnu/libgstaudio-0.10.so.0.25.0
7ff6399f8000-7ff6399fa000 rw-p 00036000 08:02 1712601                    /usr/lib/x86_64-linux-gnu/libgstaudio-0.10.so.0.25.0
7ff6399fa000-7ff639a77000 r-xp 00000000 08:02 1712878                    /usr/lib/x86_64-linux-gnu/liborc-0.4.so.0.18.0
7ff639a77000-7ff639c76000 ---p 0007d000 08:02 1712878                    /usr/lib/x86_64-linux-gnu/liborc-0.4.so.0.18.0
7ff639c76000-7ff639c78000 r--p 0007c000 08:02 1712878                    /usr/lib/x86_64-linux-gnu/liborc-0.4.so.0.18.0
7ff639c78000-7ff639c7c000 rw-p 0007e000 08:02 1712878                    /usr/lib/x86_64-linux-gnu/liborc-0.4.so.0.18.0
7ff639c7c000-7ff639ccf000 r-xp 00000000 08:02 1712605                    /usr/lib/x86_64-linux-gnu/libgstbase-0.10.so.0.30.0
7ff639ccf000-7ff639ece000 ---p 00053000 08:02 1712605                    /usr/lib/x86_64-linux-gnu/libgstbase-0.10.so.0.30.0
7ff639ece000-7ff639ecf000 r--p 00052000 08:02 1712605                    /usr/lib/x86_64-linux-gnu/libgstbase-0.10.so.0.30.0
7ff639ecf000-7ff639ed0000 rw-p 00053000 08:02 1712605                    /usr/lib/x86_64-linux-gnu/libgstbase-0.10.so.0.30.0
7ff639ed0000-7ff639f0d000 r-xp 00000000 08:02 288321                     /lib/x86_64-linux-gnu/libpcre.so.3.13.1
7ff639f0d000-7ff63a10c000 ---p 0003d000 08:02 288321                     /lib/x86_64-linux-gnu/libpcre.so.3.13.1
7ff63a10c000-7ff63a10d000 r--p 0003c000 08:02 288321                     /lib/x86_64-linux-gnu/libpcre.so.3.13.1
7ff63a10d000-7ff63a10e000 rw-p 0003d000 08:02 288321                     /lib/x86_64-linux-gnu/libpcre.so.3.13.1
7ff63a10e000-7ff63a115000 r-xp 00000000 08:02 1705989                    /usr/lib/x86_64-linux-gnu/libffi.so.6.0.1
7ff63a115000-7ff63a314000 ---p 00007000 08:02 1705989                    /usr/lib/x86_64-linux-gnu/libffi.so.6.0.1
7ff63a314000-7ff63a315000 r--p 00006000 08:02 1705989                    /usr/lib/x86_64-linux-gnu/libffi.so.6.0.1
7ff63a315000-7ff63a316000 rw-p 00007000 08:02 1705989                    /usr/lib/x86_64-linux-gnu/libffi.so.6.0.1
7ff63a316000-7ff63a472000 r-xp 00000000 08:02 1705011                    /usr/lib/x86_64-linux-gnu/libxml2.so.2.9.1
7ff63a472000-7ff63a672000 ---p 0015c000 08:02 1705011                    /usr/lib/x86_64-linux-gnu/libxml2.so.2.9.1
7ff63a672000-7ff63a67a000 r--p 0015c000 08:02 1705011                    /usr/lib/x86_64-linux-gnu/libxml2.so.2.9.1
7ff63a67a000-7ff63a67c000 rw-p 00164000 08:02 1705011                    /usr/lib/x86_64-linux-gnu/libxml2.so.2.9.1
7ff63a67c000-7ff63a67d000 rw-p 00000000 00:00 0 
7ff63a67d000-7ff63a680000 r-xp 00000000 08:02 1712550                    /usr/lib/x86_64-linux-gnu/libgmodule-2.0.so.0.4002.0
7ff63a680000-7ff63a87f000 ---p 00003000 08:02 1712550                    /usr/lib/x86_64-linux-gnu/libgmodule-2.0.so.0.4002.0
7ff63a87f000-7ff63a880000 r--p 00002000 08:02 1712550                    /usr/lib/x86_64-linux-gnu/libgmodule-2.0.so.0.4002.0
7ff63a880000-7ff63a881000 rw-p 00003000 08:02 1712550                    /usr/lib/x86_64-linux-gnu/libgmodule-2.0.so.0.4002.0
7ff63a881000-7ff63a88c000 r-xp 00000000 08:02 1712753                    /usr/lib/x86_64-linux-gnu/libjbig.so.0
7ff63a88c000-7ff63aa8b000 ---p 0000b000 08:02 1712753                    /usr/lib/x86_64-linux-gnu/libjbig.so.0
7ff63aa8b000-7ff63aa8c000 r--p 0000a000 08:02 1712753                    /usr/lib/x86_64-linux-gnu/libjbig.so.0
7ff63aa8c000-7ff63aa8f000 rw-p 0000b000 08:02 1712753                    /usr/lib/x86_64-linux-gnu/libjbig.so.0
7ff63aa8f000-7ff63aab0000 r-xp 00000000 08:02 266261                     /lib/x86_64-linux-gnu/liblzma.so.5.0.0
7ff63aab0000-7ff63acaf000 ---p 00021000 08:02 266261                     /lib/x86_64-linux-gnu/liblzma.so.5.0.0
7ff63acaf000-7ff63acb0000 r--p 00020000 08:02 266261                     /lib/x86_64-linux-gnu/liblzma.so.5.0.0
7ff63acb0000-7ff63acb1000 rw-p 00021000 08:02 266261                     /lib/x86_64-linux-gnu/liblzma.so.5.0.0
7ff63acb1000-7ff63acbd000 r-xp 00000000 08:02 1718197                    /usr/lib/x86_64-linux-gnu/libdrm.so.2.4.0
7ff63acbd000-7ff63aebc000 ---p 0000c000 08:02 1718197                    /usr/lib/x86_64-linux-gnu/libdrm.so.2.4.0
7ff63aebc000-7ff63aebd000 r--p 0000b000 08:02 1718197                    /usr/lib/x86_64-linux-gnu/libdrm.so.2.4.0
7ff63aebd000-7ff63aebe000 rw-p 0000c000 08:02 1718197                    /usr/lib/x86_64-linux-gnu/libdrm.so.2.4.0
7ff63aebe000-7ff63aec2000 r-xp 00000000 08:02 1712206                    /usr/lib/x86_64-linux-gnu/libXxf86vm.so.1.0.0
7ff63aec2000-7ff63b0c2000 ---p 00004000 08:02 1712206                    /usr/lib/x86_64-linux-gnu/libXxf86vm.so.1.0.0
7ff63b0c2000-7ff63b0c3000 r--p 00004000 08:02 1712206                    /usr/lib/x86_64-linux-gnu/libXxf86vm.so.1.0.0
7ff63b0c3000-7ff63b0c4000 rw-p 00005000 08:02 1712206                    /usr/lib/x86_64-linux-gnu/libXxf86vm.so.1.0.0
7ff63b0c4000-7ff63b0c5000 r-xp 00000000 08:02 1713233                    /usr/lib/x86_64-linux-gnu/libxshmfence.so.1.0.0
7ff63b0c5000-7ff63b2c4000 ---p 00001000 08:02 1713233                    /usr/lib/x86_64-linux-gnu/libxshmfence.so.1.0.0
7ff63b2c4000-7ff63b2c5000 r--p 00000000 08:02 1713233                    /usr/lib/x86_64-linux-gnu/libxshmfence.so.1.0.0
7ff63b2c5000-7ff63b2c6000 rw-p 00001000 08:02 1713233                    /usr/lib/x86_64-linux-gnu/libxshmfence.so.1.0.0
7ff63b2c6000-7ff63b2e3000 r-xp 00000000 08:02 1713223                    /usr/lib/x86_64-linux-gnu/libxcb.so.1.1.0
7ff63b2e3000-7ff63b4e3000 ---p 0001d000 08:02 1713223                    /usr/lib/x86_64-linux-gnu/libxcb.so.1.1.0
7ff63b4e3000-7ff63b4e4000 r--p 0001d000 08:02 1713223                    /usr/lib/x86_64-linux-gnu/libxcb.so.1.1.0
7ff63b4e4000-7ff63b4e5000 rw-p 0001e000 08:02 1713223                    /usr/lib/x86_64-linux-gnu/libxcb.so.1.1.0
7ff63b4e5000-7ff63b4ea000 r-xp 00000000 08:02 1713215                    /usr/lib/x86_64-linux-gnu/libxcb-sync.so.1.0.0
7ff63b4ea000-7ff63b6e9000 ---p 00005000 08:02 1713215                    /usr/lib/x86_64-linux-gnu/libxcb-sync.so.1.0.0
7ff63b6e9000-7ff63b6ea000 r--p 00004000 08:02 1713215                    /usr/lib/x86_64-linux-gnu/libxcb-sync.so.1.0.0
7ff63b6ea000-7ff63b6eb000 rw-p 00005000 08:02 1713215                    /usr/lib/x86_64-linux-gnu/libxcb-sync.so.1.0.0
7ff63b6eb000-7ff63b6ed000 r-xp 00000000 08:02 1713203                    /usr/lib/x86_64-linux-gnu/libxcb-present.so.0.0.0
7ff63b6ed000-7ff63b8ec000 ---p 00002000 08:02 1713203                    /usr/lib/x86_64-linux-gnu/libxcb-present.so.0.0.0
7ff63b8ec000-7ff63b8ed000 r--p 00001000 08:02 1713203                    /usr/lib/x86_64-linux-gnu/libxcb-present.so.0.0.0
7ff63b8ed000-7ff63b8ee000 rw-p 00002000 08:02 1713203                    /usr/lib/x86_64-linux-gnu/libxcb-present.so.0.0.0
7ff63b8ee000-7ff63b8f0000 r-xp 00000000 08:02 1713193                    /usr/lib/x86_64-linux-gnu/libxcb-dri3.so.0.0.0
7ff63b8f0000-7ff63baef000 ---p 00002000 08:02 1713193                    /usr/lib/x86_64-linux-gnu/libxcb-dri3.so.0.0.0
7ff63baef000-7ff63baf0000 r--p 00001000 08:02 1713193                    /usr/lib/x86_64-linux-gnu/libxcb-dri3.so.0.0.0
7ff63baf0000-7ff63baf1000 rw-p 00002000 08:02 1713193                    /usr/lib/x86_64-linux-gnu/libxcb-dri3.so.0.0.0
7ff63baf1000-7ff63baf4000 r-xp 00000000 08:02 1713191                    /usr/lib/x86_64-linux-gnu/libxcb-dri2.so.0.0.0
7ff63baf4000-7ff63bcf4000 ---p 00003000 08:02 1713191                    /usr/lib/x86_64-linux-gnu/libxcb-dri2.so.0.0.0
7ff63bcf4000-7ff63bcf5000 r--p 00003000 08:02 1713191                    /usr/lib/x86_64-linux-gnu/libxcb-dri2.so.0.0.0
7ff63bcf5000-7ff63bcf6000 rw-p 00004000 08:02 1713191                    /usr/lib/x86_64-linux-gnu/libxcb-dri2.so.0.0.0
7ff63bcf6000-7ff63bd0b000 r-xp 00000000 08:02 1713195                    /usr/lib/x86_64-linux-gnu/libxcb-glx.so.0.0.0
7ff63bd0b000-7ff63bf0a000 ---p 00015000 08:02 1713195                    /usr/lib/x86_64-linux-gnu/libxcb-glx.so.0.0.0
7ff63bf0a000-7ff63bf0c000 r--p 00014000 08:02 1713195                    /usr/lib/x86_64-linux-gnu/libxcb-glx.so.0.0.0
7ff63bf0c000-7ff63bf0d000 rw-p 00016000 08:02 1713195                    /usr/lib/x86_64-linux-gnu/libxcb-glx.so.0.0.0
7ff63bf0d000-7ff63c03d000 r-xp 00000000 08:02 1712151                    /usr/lib/x86_64-linux-gnu/libX11.so.6.3.0
7ff63c03d000-7ff63c23d000 ---p 00130000 08:02 1712151                    /usr/lib/x86_64-linux-gnu/libX11.so.6.3.0
7ff63c23d000-7ff63c23e000 r--p 00130000 08:02 1712151                    /usr/lib/x86_64-linux-gnu/libX11.so.6.3.0
7ff63c23e000-7ff63c242000 rw-p 00131000 08:02 1712151                    /usr/lib/x86_64-linux-gnu/libX11.so.6.3.0
7ff63c242000-7ff63c243000 r-xp 00000000 08:02 1712149                    /usr/lib/x86_64-linux-gnu/libX11-xcb.so.1.0.0
7ff63c243000-7ff63c442000 ---p 00001000 08:02 1712149                    /usr/lib/x86_64-linux-gnu/libX11-xcb.so.1.0.0
7ff63c442000-7ff63c443000 r--p 00000000 08:02 1712149                    /usr/lib/x86_64-linux-gnu/libX11-xcb.so.1.0.0
7ff63c443000-7ff63c444000 rw-p 00001000 08:02 1712149                    /usr/lib/x86_64-linux-gnu/libX11-xcb.so.1.0.0
7ff63c444000-7ff63c449000 r-xp 00000000 08:02 1704416                    /usr/lib/x86_64-linux-gnu/libXfixes.so.3.1.0
7ff63c449000-7ff63c648000 ---p 00005000 08:02 1704416                    /usr/lib/x86_64-linux-gnu/libXfixes.so.3.1.0
7ff63c648000-7ff63c649000 r--p 00004000 08:02 1704416                    /usr/lib/x86_64-linux-gnu/libXfixes.so.3.1.0
7ff63c649000-7ff63c64a000 rw-p 00005000 08:02 1704416                    /usr/lib/x86_64-linux-gnu/libXfixes.so.3.1.0
7ff63c64a000-7ff63c64c000 r-xp 00000000 08:02 1712164                    /usr/lib/x86_64-linux-gnu/libXdamage.so.1.1.0
7ff63c64c000-7ff63c84b000 ---p 00002000 08:02 1712164                    /usr/lib/x86_64-linux-gnu/libXdamage.so.1.1.0
7ff63c84b000-7ff63c84c000 r--p 00001000 08:02 1712164                    /usr/lib/x86_64-linux-gnu/libXdamage.so.1.1.0
7ff63c84c000-7ff63c84d000 rw-p 00002000 08:02 1712164                    /usr/lib/x86_64-linux-gnu/libXdamage.so.1.1.0
7ff63c84d000-7ff63c85e000 r-xp 00000000 08:02 1705144                    /usr/lib/x86_64-linux-gnu/libXext.so.6.4.0
7ff63c85e000-7ff63ca5d000 ---p 00011000 08:02 1705144                    /usr/lib/x86_64-linux-gnu/libXext.so.6.4.0
7ff63ca5d000-7ff63ca5e000 r--p 00010000 08:02 1705144                    /usr/lib/x86_64-linux-gnu/libXext.so.6.4.0
7ff63ca5e000-7ff63ca5f000 rw-p 00011000 08:02 1705144                    /usr/lib/x86_64-linux-gnu/libXext.so.6.4.0
7ff63ca5f000-7ff63ca83000 r-xp 00000000 08:02 1712542                    /usr/lib/x86_64-linux-gnu/libglapi.so.0.0.0
7ff63ca83000-7ff63cc83000 ---p 00024000 08:02 1712542                    /usr/lib/x86_64-linux-gnu/libglapi.so.0.0.0
7ff63cc83000-7ff63cc86000 r--p 00024000 08:02 1712542                    /usr/lib/x86_64-linux-gnu/libglapi.so.0.0.0
7ff63cc86000-7ff63cc87000 rw-p 00027000 08:02 1712542                    /usr/lib/x86_64-linux-gnu/libglapi.so.0.0.0
7ff63cc87000-7ff63cc88000 rw-p 00000000 00:00 0 
7ff63cc88000-7ff63ccaf000 r-xp 00000000 08:02 272471                     /lib/x86_64-linux-gnu/libexpat.so.1.6.0
7ff63ccaf000-7ff63ceaf000 ---p 00027000 08:02 272471                     /lib/x86_64-linux-gnu/libexpat.so.1.6.0
7ff63ceaf000-7ff63ceb1000 r--p 00027000 08:02 272471                     /lib/x86_64-linux-gnu/libexpat.so.1.6.0
7ff63ceb1000-7ff63ceb2000 rw-p 00029000 08:02 272471                     /lib/x86_64-linux-gnu/libexpat.so.1.6.0
7ff63ceb2000-7ff63cf0d000 r-xp 00000000 08:02 5437732                    /home/zafer/Desktop/workspace/opencv-3.1.0/lib/libopencv_flann.so.3.1.0
7ff63cf0d000-7ff63d10d000 ---p 0005b000 08:02 5437732                    /home/zafer/Desktop/workspace/opencv-3.1.0/lib/libopencv_flann.so.3.1.0
7ff63d10d000-7ff63d110000 r--p 0005b000 08:02 5437732                    /home/zafer/Desktop/workspace/opencv-3.1.0/lib/libopencv_flann.so.3.1.0
7ff63d110000-7ff63d111000 rw-p 0005e000 08:02 5437732                    /home/zafer/Desktop/workspace/opencv-3.1.0/lib/libopencv_flann.so.3.1.0
7ff63d111000-7ff63d156000 r-xp 00000000 08:02 1709697                    /usr/lib/x86_64-linux-gnu/libswscale.so.2.1.1
7ff63d156000-7ff63d356000 ---p 00045000 08:02 1709697                    /usr/lib/x86_64-linux-gnu/libswscale.so.2.1.1
7ff63d356000-7ff63d357000 r--p 00045000 08:02 1709697                    /usr/lib/x86_64-linux-gnu/libswscale.so.2.1.1
7ff63d357000-7ff63d358000 rw-p 00046000 08:02 1709697                    /usr/lib/x86_64-linux-gnu/libswscale.so.2.1.1
7ff63d358000-7ff63d376000 r-xp 00000000 08:02 1709617                    /usr/lib/x86_64-linux-gnu/libavutil.so.52.3.0
7ff63d376000-7ff63d576000 ---p 0001e000 08:02 1709617                    /usr/lib/x86_64-linux-gnu/libavutil.so.52.3.0
7ff63d576000-7ff63d578000 r--p 0001e000 08:02 1709617                    /usr/lib/x86_64-linux-gnu/libavutil.so.52.3.0
7ff63d578000-7ff63d579000 rw-p 00020000 08:02 1709617                    /usr/lib/x86_64-linux-gnu/libavutil.so.52.3.0
7ff63d579000-7ff63d57d000 rw-p 00000000 00:00 0 
7ff63d57d000-7ff63d68b000 r-xp 00000000 08:02 1709630                    /usr/lib/x86_64-linux-gnu/libavformat.so.54.20.4
7ff63d68b000-7ff63d88a000 ---p 0010e000 08:02 1709630                    /usr/lib/x86_64-linux-gnu/libavformat.so.54.20.4
7ff63d88a000-7ff63d892000 r--p 0010d000 08:02 1709630                    /usr/lib/x86_64-linux-gnu/libavformat.so.54.20.4
7ff63d892000-7ff63d89f000 rw-p 00115000 08:02 1709630                    /usr/lib/x86_64-linux-gnu/libavformat.so.54.20.4
7ff63d89f000-7ff63de54000 r-xp 00000000 08:02 1709629                    /usr/lib/x86_64-linux-gnu/libavcodec.so.54.35.0
7ff63de54000-7ff63e054000 ---p 005b5000 08:02 1709629                    /usr/lib/x86_64-linux-gnu/libavcodec.so.54.35.0
7ff63e054000-7ff63e067000 r--p 005b5000 08:02 1709629                    /usr/lib/x86_64-linux-gnu/libavcodec.so.54.35.0
7ff63e067000-7ff63e07f000 rw-p 005c8000 08:02 1709629                    /usr/lib/x86_64-linux-gnu/libavcodec.so.54.35.0
7ff63e07f000-7ff63e5f5000 rw-p 00000000 00:00 0 
7ff63e5f5000-7ff63e5fe000 r-xp 00000000 08:02 1713140                    /usr/lib/x86_64-linux-gnu/libv4l2.so.0.0.0
7ff63e5fe000-7ff63e7fd000 ---p 00009000 08:02 1713140                    /usr/lib/x86_64-linux-gnu/libv4l2.so.0.0.0
7ff63e7fd000-7ff63e7fe000 r--p 00008000 08:02 1713140                    /usr/lib/x86_64-linux-gnu/libv4l2.so.0.0.0
7ff63e7fe000-7ff63e803000 rw-p 00009000 08:02 1713140                    /usr/lib/x86_64-linux-gnu/libv4l2.so.0.0.0
7ff63e803000-7ff63e808000 r-xp 00000000 08:02 1713138                    /usr/lib/x86_64-linux-gnu/libv4l1.so.0.0.0
7ff63e808000-7ff63ea07000 ---p 00005000 08:02 1713138                    /usr/lib/x86_64-linux-gnu/libv4l1.so.0.0.0
7ff63ea07000-7ff63ea08000 r--p 00004000 08:02 1713138                    /usr/lib/x86_64-linux-gnu/libv4l1.so.0.0.0
7ff63ea08000-7ff63ea09000 rw-p 00005000 08:02 1713138                    /usr/lib/x86_64-linux-gnu/libv4l1.so.0.0.0
7ff63ea09000-7ff63ea62000 r-xp 00000000 08:02 1741189                    /usr/lib/libxine.so.1.30.2
7ff63ea62000-7ff63ec61000 ---p 00059000 08:02 1741189                    /usr/lib/libxine.so.1.30.2
7ff63ec61000-7ff63ec66000 r--p 00058000 08:02 1741189                    /usr/lib/libxine.so.1.30.2
7ff63ec66000-7ff63ec67000 rw-p 0005d000 08:02 1741189                    /usr/lib/libxine.so.1.30.2
7ff63ec67000-7ff63ec6b000 rw-p 00000000 00:00 0 
7ff63ec6b000-7ff63ec9d000 r-xp 00000000 08:02 1704192                    /usr/lib/x86_64-linux-gnu/libdc1394.so.22.1.8
7ff63ec9d000-7ff63ee9d000 ---p 00032000 08:02 1704192                    /usr/lib/x86_64-linux-gnu/libdc1394.so.22.1.8
7ff63ee9d000-7ff63ee9e000 r--p 00032000 08:02 1704192                    /usr/lib/x86_64-linux-gnu/libdc1394.so.22.1.8
7ff63ee9e000-7ff63ee9f000 rw-p 00033000 08:02 1704192                    /usr/lib/x86_64-linux-gnu/libdc1394.so.22.1.8
7ff63ee9f000-7ff63eedf000 rw-p 00000000 00:00 0 
7ff63eedf000-7ff63ef01000 r-xp 00000000 08:02 1712637                    /usr/lib/x86_64-linux-gnu/libgstpbutils-0.10.so.0.25.0
7ff63ef01000-7ff63f100000 ---p 00022000 08:02 1712637                    /usr/lib/x86_64-linux-gnu/libgstpbutils-0.10.so.0.25.0
7ff63f100000-7ff63f102000 r--p 00021000 08:02 1712637                    /usr/lib/x86_64-linux-gnu/libgstpbutils-0.10.so.0.25.0
7ff63f102000-7ff63f103000 rw-p 00023000 08:02 1712637                    /usr/lib/x86_64-linux-gnu/libgstpbutils-0.10.so.0.25.0
7ff63f103000-7ff63f10f000 r-xp 00000000 08:02 1712649                    /usr/lib/x86_64-linux-gnu/libgstriff-0.10.so.0.25.0
7ff63f10f000-7ff63f30e000 ---p 0000c000 08:02 1712649                    /usr/lib/x86_64-linux-gnu/libgstriff-0.10.so.0.25.0
7ff63f30e000-7ff63f30f000 r--p 0000b000 08:02 1712649                    /usr/lib/x86_64-linux-gnu/libgstriff-0.10.so.0.25.0
7ff63f30f000-7ff63f310000 rw-p 0000c000 08:02 1712649                    /usr/lib/x86_64-linux-gnu/libgstriff-0.10.so.0.25.0
7ff63f310000-7ff63f31b000 r-xp 00000000 08:02 1712597                    /usr/lib/x86_64-linux-gnu/libgstapp-0.10.so.0.25.0
7ff63f31b000-7ff63f51a000 ---p 0000b000 08:02 1712597                    /usr/lib/x86_64-linux-gnu/libgstapp-0.10.so.0.25.0
7ff63f51a000-7ff63f51b000 r--p 0000a000 08:02 1712597                    /usr/lib/x86_64-linux-gnu/libgstapp-0.10.so.0.25.0
7ff63f51b000-7ff63f51c000 rw-p 0000b000 08:02 1712597                    /usr/lib/x86_64-linux-gnu/libgstapp-0.10.so.0.25.0
7ff63f51c000-7ff63f536000 r-xp 00000000 08:02 1712669                    /usr/lib/x86_64-linux-gnu/libgstvideo-0.10.so.0.25.0
7ff63f536000-7ff63f736000 ---p 0001a000 08:02 1712669                    /usr/lib/x86_64-linux-gnu/libgstvideo-0.10.so.0.25.0
7ff63f736000-7ff63f737000 r--p 0001a000 08:02 1712669                    /usr/lib/x86_64-linux-gnu/libgstvideo-0.10.so.0.25.0
7ff63f737000-7ff63f738000 rw-p 0001b000 08:02 1712669                    /usr/lib/x86_64-linux-gnu/libgstvideo-0.10.so.0.25.0
7ff63f738000-7ff63f83e000 r-xp 00000000 08:02 266245                     /lib/x86_64-linux-gnu/libglib-2.0.so.0.4002.0
7ff63f83e000-7ff63fa3d000 ---p 00106000 08:02 266245                     /lib/x86_64-linux-gnu/libglib-2.0.so.0.4002.0
7ff63fa3d000-7ff63fa3e000 r--p 00105000 08:02 266245                     /lib/x86_64-linux-gnu/libglib-2.0.so.0.4002.0
7ff63fa3e000-7ff63fa3f000 rw-p 00106000 08:02 266245                     /lib/x86_64-linux-gnu/libglib-2.0.so.0.4002.0
7ff63fa3f000-7ff63fa40000 rw-p 00000000 00:00 0 
7ff63fa40000-7ff63fa8f000 r-xp 00000000 08:02 1712566                    /usr/lib/x86_64-linux-gnu/libgobject-2.0.so.0.4002.0
7ff63fa8f000-7ff63fc8f000 ---p 0004f000 08:02 1712566                    /usr/lib/x86_64-linux-gnu/libgobject-2.0.so.0.4002.0
7ff63fc8f000-7ff63fc90000 r--p 0004f000 08:02 1712566                    /usr/lib/x86_64-linux-gnu/libgobject-2.0.so.0.4002.0
7ff63fc90000-7ff63fc91000 rw-p 00050000 08:02 1712566                    /usr/lib/x86_64-linux-gnu/libgobject-2.0.so.0.4002.0
7ff63fc91000-7ff63fd73000 r-xp 00000000 08:02 1712645                    /usr/lib/x86_64-linux-gnu/libgstreamer-0.10.so.0.30.0
7ff63fd73000-7ff63ff72000 ---p 000e2000 08:02 1712645                    /usr/lib/x86_64-linux-gnu/libgstreamer-0.10.so.0.30.0
7ff63ff72000-7ff63ff77000 r--p 000e1000 08:02 1712645                    /usr/lib/x86_64-linux-gnu/libgstreamer-0.10.so.0.30.0
7ff63ff77000-7ff63ff79000 rw-p 000e6000 08:02 1712645                    /usr/lib/x86_64-linux-gnu/libgstreamer-0.10.so.0.30.0
7ff63ff79000-7ff63ff7b000 rw-p 00000000 00:00 0 
7ff63ff7b000-7ff63ffc7000 r-xp 00000000 08:02 1730064                    /usr/lib/x86_64-linux-gnu/libjasper.so.1.0.0
7ff63ffc7000-7ff6401c6000 ---p 0004c000 08:02 1730064                    /usr/lib/x86_64-linux-gnu/libjasper.so.1.0.0
7ff6401c6000-7ff6401c7000 r--p 0004b000 08:02 1730064                    /usr/lib/x86_64-linux-gnu/libjasper.so.1.0.0
7ff6401c7000-7ff6401cb000 rw-p 0004c000 08:02 1730064                    /usr/lib/x86_64-linux-gnu/libjasper.so.1.0.0
7ff6401cb000-7ff6401d2000 rw-p 00000000 00:00 0 
7ff6401d2000-7ff640240000 r-xp 00000000 08:02 1713680                    /usr/lib/x86_64-linux-gnu/libtiff.so.5.2.0
7ff640240000-7ff640440000 ---p 0006e000 08:02 1713680                    /usr/lib/x86_64-linux-gnu/libtiff.so.5.2.0
7ff640440000-7ff640441000 r--p 0006e000 08:02 1713680                    /usr/lib/x86_64-linux-gnu/libtiff.so.5.2.0
7ff640441000-7ff640444000 rw-p 0006f000 08:02 1713680                    /usr/lib/x86_64-linux-gnu/libtiff.so.5.2.0
7ff640444000-7ff640469000 r-xp 00000000 08:02 266152                     /lib/x86_64-linux-gnu/libpng12.so.0.50.0
7ff640469000-7ff640668000 ---p 00025000 08:02 266152                     /lib/x86_64-linux-gnu/libpng12.so.0.50.0
7ff640668000-7ff640669000 r--p 00024000 08:02 266152                     /lib/x86_64-linux-gnu/libpng12.so.0.50.0
7ff640669000-7ff64066a000 rw-p 00025000 08:02 266152                     /lib/x86_64-linux-gnu/libpng12.so.0.50.0
7ff64066a000-7ff6406ad000 r-xp 00000000 08:02 1712755                    /usr/lib/x86_64-linux-gnu/libjpeg.so.8.0.2
7ff6406ad000-7ff6408ad000 ---p 00043000 08:02 1712755                    /usr/lib/x86_64-linux-gnu/libjpeg.so.8.0.2
7ff6408ad000-7ff6408ae000 r--p 00043000 08:02 1712755                    /usr/lib/x86_64-linux-gnu/libjpeg.so.8.0.2
7ff6408ae000-7ff6408af000 rw-p 00044000 08:02 1712755                    /usr/lib/x86_64-linux-gnu/libjpeg.so.8.0.2
7ff6408af000-7ff6408bf000 rw-p 00000000 00:00 0 
7ff6408bf000-7ff6408ee000 r-xp 00000000 08:02 1709680                    /usr/lib/libtbb.so.2
7ff6408ee000-7ff640aed000 ---p 0002f000 08:02 1709680                    /usr/lib/libtbb.so.2
7ff640aed000-7ff640aef000 r--p 0002e000 08:02 1709680                    /usr/lib/libtbb.so.2
7ff640aef000-7ff640af1000 rw-p 00030000 08:02 1709680                    /usr/lib/libtbb.so.2
7ff640af1000-7ff640af3000 rw-p 00000000 00:00 0 
7ff640af3000-7ff640b7f000 r-xp 00000000 08:02 1968983                    /usr/lib/x86_64-linux-gnu/mesa/libGL.so.1.2.0
7ff640b7f000-7ff640d7e000 ---p 0008c000 08:02 1968983                    /usr/lib/x86_64-linux-gnu/mesa/libGL.so.1.2.0
7ff640d7e000-7ff640d81000 r--p 0008b000 08:02 1968983                    /usr/lib/x86_64-linux-gnu/mesa/libGL.so.1.2.0
7ff640d81000-7ff640d82000 rw-p 0008e000 08:02 1968983                    /usr/lib/x86_64-linux-gnu/mesa/libGL.so.1.2.0
7ff640d82000-7ff640d83000 rw-p 00000000 00:00 0 
7ff640d83000-7ff640efa000 r-xp 00000000 08:02 5438408                    /home/zafer/Desktop/workspace/opencv-3.1.0/lib/libopencv_calib3d.so.3.1.0
7ff640efa000-7ff6410fa000 ---p 00177000 08:02 5438408                    /home/zafer/Desktop/workspace/opencv-3.1.0/lib/libopencv_calib3d.so.3.1.0
7ff6410fa000-7ff6410fc000 r--p 00177000 08:02 5438408                    /home/zafer/Desktop/workspace/opencv-3.1.0/lib/libopencv_calib3d.so.3.1.0
7ff6410fc000-7ff6410fd000 rw-p 00179000 08:02 5438408                    /home/zafer/Desktop/workspace/opencv-3.1.0/lib/libopencv_calib3d.so.3.1.0
7ff6410fd000-7ff6411c7000 r-xp 00000000 08:02 5438318                    /home/zafer/Desktop/workspace/opencv-3.1.0/lib/libopencv_features2d.so.3.1.0
7ff6411c7000-7ff6413c6000 ---p 000ca000 08:02 5438318                    /home/zafer/Desktop/workspace/opencv-3.1.0/lib/libopencv_features2d.so.3.1.0
7ff6413c6000-7ff6413ca000 r--p 000c9000 08:02 5438318                    /home/zafer/Desktop/workspace/opencv-3.1.0/lib/libopencv_features2d.so.3.1.0
7ff6413ca000-7ff6413cc000 rw-p 000cd000 08:02 5438318                    /home/zafer/Desktop/workspace/opencv-3.1.0/lib/libopencv_features2d.so.3.1.0
7ff6413cc000-7ff641433000 r-xp 00000000 08:02 5438191                    /home/zafer/Desktop/workspace/opencv-3.1.0/lib/libopencv_objdetect.so.3.1.0
7ff641433000-7ff641633000 ---p 00067000 08:02 5438191                    /home/zafer/Desktop/workspace/opencv-3.1.0/lib/libopencv_objdetect.so.3.1.0
7ff641633000-7ff641634000 r--p 00067000 08:02 5438191                    /home/zafer/Desktop/workspace/opencv-3.1.0/lib/libopencv_objdetect.so.3.1.0
7ff641634000-7ff641635000 rw-p 00068000 08:02 5438191                    /home/zafer/Desktop/workspace/opencv-3.1.0/lib/libopencv_objdetect.so.3.1.0
7ff641635000-7ff64166b000 r-xp 00000000 08:02 5437595                    /home/zafer/Desktop/workspace/opencv-3.1.0/lib/libopencv_videoio.so.3.1.0
7ff64166b000-7ff64186b000 ---p 00036000 08:02 5437595                    /home/zafer/Desktop/workspace/opencv-3.1.0/lib/libopencv_videoio.so.3.1.0
7ff64186b000-7ff64186c000 r--p 00036000 08:02 5437595                    /home/zafer/Desktop/workspace/opencv-3.1.0/lib/libopencv_videoio.so.3.1.0
7ff64186c000-7ff64186d000 rw-p 00037000 08:02 5437595                    /home/zafer/Desktop/workspace/opencv-3.1.0/lib/libopencv_videoio.so.3.1.0
7ff64186d000-7ff64186f000 rw-p 00000000 00:00 0 
7ff64186f000-7ff642ffa000 r-xp 00000000 08:02 5437540                    /home/zafer/Desktop/workspace/opencv-3.1.0/lib/libopencv_imgproc.so.3.1.0
7ff642ffa000-7ff6431fa000 ---p 0178b000 08:02 5437540                    /home/zafer/Desktop/workspace/opencv-3.1.0/lib/libopencv_imgproc.so.3.1.0
7ff6431fa000-7ff643206000 r--p 0178b000 08:02 5437540                    /home/zafer/Desktop/workspace/opencv-3.1.0/lib/libopencv_imgproc.so.3.1.0
7ff643206000-7ff643228000 rw-p 01797000 08:02 5437540                    /home/zafer/Desktop/workspace/opencv-3.1.0/lib/libopencv_imgproc.so.3.1.0
7ff643228000-7ff6432bf000 rw-p 00000000 00:00 0 
7ff6432bf000-7ff643dc9000 r-xp 00000000 08:02 5437458                    /home/zafer/Desktop/workspace/opencv-3.1.0/lib/libopencv_core.so.3.1.0
7ff643dc9000-7ff643fc8000 ---p 00b0a000 08:02 5437458                    /home/zafer/Desktop/workspace/opencv-3.1.0/lib/libopencv_core.so.3.1.0
7ff643fc8000-7ff643fd1000 r--p 00b09000 08:02 5437458                    /home/zafer/Desktop/workspace/opencv-3.1.0/lib/libopencv_core.so.3.1.0
7ff643fd1000-7ff643ffe000 rw-p 00b12000 08:02 5437458                    /home/zafer/Desktop/workspace/opencv-3.1.0/lib/libopencv_core.so.3.1.0
7ff643ffe000-7ff644000000 rw-p 00000000 00:00 0 
7ff644000000-7ff644021000 rw-p 00000000 00:00 0 
7ff644021000-7ff648000000 ---p 00000000 00:00 0 
7ff648000000-7ff648021000 rw-p 00000000 00:00 0 
7ff648021000-7ff64c000000 ---p 00000000 00:00 0 
7ff64c000000-7ff64c201000 rw-p 00000000 00:00 0 
7ff64c201000-7ff650000000 ---p 00000000 00:00 0 
7ff650000000-7ff65014a000 rw-p 00000000 00:00 0 
7ff65014a000-7ff654000000 ---p 00000000 00:00 0 
7ff654000000-7ff654021000 rw-p 00000000 00:00 0 
7ff654021000-7ff658000000 ---p 00000000 00:00 0 
7ff658000000-7ff658021000 rw-p 00000000 00:00 0 
7ff658021000-7ff65c000000 ---p 00000000 00:00 0 
7ff65c000000-7ff65c021000 rw-p 00000000 00:00 0 
7ff65c021000-7ff660000000 ---p 00000000 00:00 0 
7ff660000000-7ff660021000 rw-p 00000000 00:00 0 
7ff660021000-7ff664000000 ---p 00000000 00:00 0 
7ff664000000-7ff664021000 rw-p 00000000 00:00 0 
7ff664021000-7ff668000000 ---p 00000000 00:00 0 
7ff668000000-7ff668021000 rw-p 00000000 00:00 0 
7ff668021000-7ff66c000000 ---p 00000000 00:00 0 
7ff66c000000-7ff66c021000 rw-p 00000000 00:00 0 
7ff66c021000-7ff670000000 ---p 00000000 00:00 0 
7ff670065000-7ff670068000 ---p 00000000 00:00 0 
7ff670068000-7ff670166000 rwxp 00000000 00:00 0                          [stack:25901]
7ff670166000-7ff6702d6000 r-xp 00000000 08:02 5437572                    /home/zafer/Desktop/workspace/opencv-3.1.0/lib/libopencv_imgcodecs.so.3.1.0
7ff6702d6000-7ff6704d6000 ---p 00170000 08:02 5437572                    /home/zafer/Desktop/workspace/opencv-3.1.0/lib/libopencv_imgcodecs.so.3.1.0
7ff6704d6000-7ff6704dd000 r--p 00170000 08:02 5437572                    /home/zafer/Desktop/workspace/opencv-3.1.0/lib/libopencv_imgcodecs.so.3.1.0
7ff6704dd000-7ff6704de000 rw-p 00177000 08:02 5437572                    /home/zafer/Desktop/workspace/opencv-3.1.0/lib/libopencv_imgcodecs.so.3.1.0
7ff6704de000-7ff6704e2000 rw-p 00000000 00:00 0 
7ff6704e2000-7ff67054a000 r-xp 00000000 08:02 5438002                    /home/zafer/Desktop/workspace/opencv-3.1.0/lib/libopencv_video.so.3.1.0
7ff67054a000-7ff670749000 ---p 00068000 08:02 5438002                    /home/zafer/Desktop/workspace/opencv-3.1.0/lib/libopencv_video.so.3.1.0
7ff670749000-7ff67074b000 r--p 00067000 08:02 5438002                    /home/zafer/Desktop/workspace/opencv-3.1.0/lib/libopencv_video.so.3.1.0
7ff67074b000-7ff67074c000 rw-p 00069000 08:02 5438002                    /home/zafer/Desktop/workspace/opencv-3.1.0/lib/libopencv_video.so.3.1.0
7ff67074c000-7ff67083a000 r-xp 00000000 08:02 5437936                    /home/zafer/Desktop/workspace/opencv-3.1.0/lib/libopencv_photo.so.3.1.0
7ff67083a000-7ff670a39000 ---p 000ee000 08:02 5437936                    /home/zafer/Desktop/workspace/opencv-3.1.0/lib/libopencv_photo.so.3.1.0
7ff670a39000-7ff670a3c000 r--p 000ed000 08:02 5437936                    /home/zafer/Desktop/workspace/opencv-3.1.0/lib/libopencv_photo.so.3.1.0
7ff670a3c000-7ff670a3d000 rw-p 000f0000 08:02 5437936                    /home/zafer/Desktop/workspace/opencv-3.1.0/lib/libopencv_photo.so.3.1.0
7ff670a3d000-7ff670afc000 r-xp 00000000 08:02 5437884                    /home/zafer/Desktop/workspace/opencv-3.1.0/lib/libopencv_ml.so.3.1.0
7ff670afc000-7ff670cfc000 ---p 000bf000 08:02 5437884                    /home/zafer/Desktop/workspace/opencv-3.1.0/lib/libopencv_ml.so.3.1.0
7ff670cfc000-7ff670cff000 r--p 000bf000 08:02 5437884                    /home/zafer/Desktop/workspace/opencv-3.1.0/lib/libopencv_ml.so.3.1.0
7ff670cff000-7ff670d00000 rw-p 000c2000 08:02 5437884                    /home/zafer/Desktop/workspace/opencv-3.1.0/lib/libopencv_ml.so.3.1.0
7ff670d00000-7ff674000000 rw-p 00000000 00:00 0 
7ff674000000-7ff674021000 rw-p 00000000 00:00 0 
7ff674021000-7ff678000000 ---p 00000000 00:00 0 
7ff678014000-7ff678017000 ---p 00000000 00:00 0 
7ff678017000-7ff678115000 rwxp 00000000 00:00 0                          [stack:25900]
7ff678115000-7ff6781c6000 r-xp 00000000 08:02 5438753                    /home/zafer/Desktop/workspace/opencv-3.1.0/lib/libopencv_java310.so
7ff6781c6000-7ff6783c5000 ---p 000b1000 08:02 5438753                    /home/zafer/Desktop/workspace/opencv-3.1.0/lib/libopencv_java310.so
7ff6783c5000-7ff6783c6000 r--p 000b0000 08:02 5438753                    /home/zafer/Desktop/workspace/opencv-3.1.0/lib/libopencv_java310.so
7ff6783c6000-7ff6783c8000 rw-p 000b1000 08:02 5438753                    /home/zafer/Desktop/workspace/opencv-3.1.0/lib/libopencv_java310.so
7ff6783c8000-7ff6783c9000 ---p 00000000 00:00 0 
7ff6783c9000-7ff6785ca000 rwxp 00000000 00:00 0                          [stack:25896]
7ff6785ca000-7ff6785cb000 ---p 00000000 00:00 0 
7ff6785cb000-7ff6786cb000 rwxp 00000000 00:00 0                          [stack:25895]
7ff6786cb000-7ff6786cc000 ---p 00000000 00:00 0 
7ff6786cc000-7ff6787cc000 rwxp 00000000 00:00 0                          [stack:25894]
7ff6787cc000-7ff679000000 r--p 00000000 08:02 1711113                    /usr/lib/locale/locale-archive
7ff679000000-7ff679270000 rwxp 00000000 00:00 0 
7ff679270000-7ff67c3f8000 rw-p 00000000 00:00 0 
7ff67c3f8000-7ff680000000 ---p 00000000 00:00 0 
7ff680004000-7ff68009a000 rw-s 00000000 00:05 11170                      /dev/video0
7ff68009a000-7ff6800cb000 rw-p 00000000 00:00 0 
7ff6800cb000-7ff6800d5000 r--s 000ae000 08:02 1725555                    /usr/lib/jvm/java-7-openjdk-amd64/jre/lib/resources.jar
7ff6800d5000-7ff6800f5000 rw-p 00000000 00:00 0 
7ff6800f5000-7ff6803f8000 rwxp 00000000 00:00 0                          [stack:25891]
7ff6803f8000-7ff6803f9000 ---p 00000000 00:00 0 
7ff6803f9000-7ff6804f9000 rwxp 00000000 00:00 0                          [stack:25890]
7ff6804f9000-7ff6814f6000 rw-p 00000000 00:00 0 
7ff6814f6000-7ff6816a7000 r--s 01d30000 08:02 1725578                    /usr/lib/jvm/java-7-openjdk-amd64/jre/lib/rt.jar
7ff6816a7000-7ff681af0000 rw-p 00000000 00:00 0 
7ff681af0000-7ff681af1000 ---p 00000000 00:00 0 
7ff681af1000-7ff681bf1000 rwxp 00000000 00:00 0                          [stack:25889]
7ff681bf1000-7ff681bf2000 ---p 00000000 00:00 0 
7ff681bf2000-7ff681cf2000 rwxp 00000000 00:00 0                          [stack:25888]
7ff681cf2000-7ff681cf3000 ---p 00000000 00:00 0 
7ff681cf3000-7ff681df3000 rwxp 00000000 00:00 0                          [stack:25887]
7ff681df3000-7ff681df4000 ---p 00000000 00:00 0 
7ff681df4000-7ff681ef4000 rwxp 00000000 00:00 0                          [stack:25886]
7ff681ef4000-7ff681eff000 rw-p 00000000 00:00 0 
7ff681eff000-7ff681f47000 rw-p 00000000 00:00 0 
7ff681f47000-7ff681f66000 rw-p 00000000 00:00 0 
7ff681f66000-7ff682130000 rw-p 00000000 00:00 0 
7ff682130000-7ff68213b000 rw-p 00000000 00:00 0 
7ff68213b000-7ff682183000 rw-p 00000000 00:00 0 
7ff682183000-7ff6821a2000 rw-p 00000000 00:00 0 
7ff6821a2000-7ff68236b000 rw-p 00000000 00:00 0 
7ff68236b000-7ff68237b000 rw-p 00000000 00:00 0 
7ff68237b000-7ff682460000 rw-p 00000000 00:00 0 
7ff682460000-7ff682461000 rw-p 00000000 00:00 0 
7ff682461000-7ff682469000 r-xp 00000000 08:02 1725515                    /usr/lib/jvm/java-7-openjdk-amd64/jre/lib/amd64/libzip.so
7ff682469000-7ff682668000 ---p 00008000 08:02 1725515                    /usr/lib/jvm/java-7-openjdk-amd64/jre/lib/amd64/libzip.so
7ff682668000-7ff682669000 r--p 00007000 08:02 1725515                    /usr/lib/jvm/java-7-openjdk-amd64/jre/lib/amd64/libzip.so
7ff682669000-7ff68266a000 rw-p 00008000 08:02 1725515                    /usr/lib/jvm/java-7-openjdk-amd64/jre/lib/amd64/libzip.so
7ff68266a000-7ff682675000 r-xp 00000000 08:02 302067                     /lib/x86_64-linux-gnu/libnss_files-2.19.so
7ff682675000-7ff682874000 ---p 0000b000 08:02 302067                     /lib/x86_64-linux-gnu/libnss_files-2.19.so
7ff682874000-7ff682875000 r--p 0000a000 08:02 302067                     /lib/x86_64-linux-gnu/libnss_files-2.19.so
7ff682875000-7ff682876000 rw-p 0000b000 08:02 302067                     /lib/x86_64-linux-gnu/libnss_files-2.19.so
7ff682876000-7ff682881000 r-xp 00000000 08:02 302059                     /lib/x86_64-linux-gnu/libnss_nis-2.19.so
7ff682881000-7ff682a80000 ---p 0000b000 08:02 302059                     /lib/x86_64-linux-gnu/libnss_nis-2.19.so
7ff682a80000-7ff682a81000 r--p 0000a000 08:02 302059                     /lib/x86_64-linux-gnu/libnss_nis-2.19.so
7ff682a81000-7ff682a82000 rw-p 0000b000 08:02 302059                     /lib/x86_64-linux-gnu/libnss_nis-2.19.so
7ff682a82000-7ff682a99000 r-xp 00000000 08:02 302055                     /lib/x86_64-linux-gnu/libnsl-2.19.so
7ff682a99000-7ff682c98000 ---p 00017000 08:02 302055                     /lib/x86_64-linux-gnu/libnsl-2.19.so
7ff682c98000-7ff682c99000 r--p 00016000 08:02 302055                     /lib/x86_64-linux-gnu/libnsl-2.19.so
7ff682c99000-7ff682c9a000 rw-p 00017000 08:02 302055                     /lib/x86_64-linux-gnu/libnsl-2.19.so
7ff682c9a000-7ff682c9c000 rw-p 00000000 00:00 0 
7ff682c9c000-7ff682ca5000 r-xp 00000000 08:02 272527                     /lib/x86_64-linux-gnu/libnss_compat-2.19.so
7ff682ca5000-7ff682ea4000 ---p 00009000 08:02 272527                     /lib/x86_64-linux-gnu/libnss_compat-2.19.so
7ff682ea4000-7ff682ea5000 r--p 00008000 08:02 272527                     /lib/x86_64-linux-gnu/libnss_compat-2.19.so
7ff682ea5000-7ff682ea6000 rw-p 00009000 08:02 272527                     /lib/x86_64-linux-gnu/libnss_compat-2.19.so
7ff682ea6000-7ff682ed1000 r-xp 00000000 08:02 1725485                    /usr/lib/jvm/java-7-openjdk-amd64/jre/lib/amd64/libjava.so
7ff682ed1000-7ff6830d1000 ---p 0002b000 08:02 1725485                    /usr/lib/jvm/java-7-openjdk-amd64/jre/lib/amd64/libjava.so
7ff6830d1000-7ff6830d2000 r--p 0002b000 08:02 1725485                    /usr/lib/jvm/java-7-openjdk-amd64/jre/lib/amd64/libjava.so
7ff6830d2000-7ff6830d4000 rw-p 0002c000 08:02 1725485                    /usr/lib/jvm/java-7-openjdk-amd64/jre/lib/amd64/libjava.so
7ff6830d4000-7ff6830e4000 r-xp 00000000 08:02 1725487                    /usr/lib/jvm/java-7-openjdk-amd64/jre/lib/amd64/libverify.so
7ff6830e4000-7ff6832e3000 ---p 00010000 08:02 1725487                    /usr/lib/jvm/java-7-openjdk-amd64/jre/lib/amd64/libverify.so
7ff6832e3000-7ff6832e5000 r--p 0000f000 08:02 1725487                    /usr/lib/jvm/java-7-openjdk-amd64/jre/lib/amd64/libverify.so
7ff6832e5000-7ff6832e6000 rw-p 00011000 08:02 1725487                    /usr/lib/jvm/java-7-openjdk-amd64/jre/lib/amd64/libverify.so
7ff6832e6000-7ff6832ed000 r-xp 00000000 08:02 302063                     /lib/x86_64-linux-gnu/librt-2.19.so
7ff6832ed000-7ff6834ec000 ---p 00007000 08:02 302063                     /lib/x86_64-linux-gnu/librt-2.19.so
7ff6834ec000-7ff6834ed000 r--p 00006000 08:02 302063                     /lib/x86_64-linux-gnu/librt-2.19.so
7ff6834ed000-7ff6834ee000 rw-p 00007000 08:02 302063                     /lib/x86_64-linux-gnu/librt-2.19.so
7ff6834ee000-7ff683504000 r-xp 00000000 08:02 262320                     /lib/x86_64-linux-gnu/libgcc_s.so.1
7ff683504000-7ff683703000 ---p 00016000 08:02 262320                     /lib/x86_64-linux-gnu/libgcc_s.so.1
7ff683703000-7ff683704000 r--p 00015000 08:02 262320                     /lib/x86_64-linux-gnu/libgcc_s.so.1
7ff683704000-7ff683705000 rw-p 00016000 08:02 262320                     /lib/x86_64-linux-gnu/libgcc_s.so.1
7ff683705000-7ff68380a000 r-xp 00000000 08:02 271159                     /lib/x86_64-linux-gnu/libm-2.19.so
7ff68380a000-7ff683a09000 ---p 00105000 08:02 271159                     /lib/x86_64-linux-gnu/libm-2.19.so
7ff683a09000-7ff683a0a000 r--p 00104000 08:02 271159                     /lib/x86_64-linux-gnu/libm-2.19.so
7ff683a0a000-7ff683a0b000 rw-p 00105000 08:02 271159                     /lib/x86_64-linux-gnu/libm-2.19.so
7ff683a0b000-7ff683b0c000 r-xp 00000000 08:02 1704415                    /usr/lib/x86_64-linux-gnu/libstdc++.so.6.0.21
7ff683b0c000-7ff683d0c000 ---p 00101000 08:02 1704415                    /usr/lib/x86_64-linux-gnu/libstdc++.so.6.0.21
7ff683d0c000-7ff683d13000 r--p 00101000 08:02 1704415                    /usr/lib/x86_64-linux-gnu/libstdc++.so.6.0.21
7ff683d13000-7ff683d15000 rw-p 00108000 08:02 1704415                    /usr/lib/x86_64-linux-gnu/libstdc++.so.6.0.21
7ff683d15000-7ff683d18000 rw-p 00000000 00:00 0 
7ff683d18000-7ff68483c000 r-xp 00000000 08:02 1725511                    /usr/lib/jvm/java-7-openjdk-amd64/jre/lib/amd64/server/libjvm.so
7ff68483c000-7ff684a3c000 ---p 00b24000 08:02 1725511                    /usr/lib/jvm/java-7-openjdk-amd64/jre/lib/amd64/server/libjvm.so
7ff684a3c000-7ff684ad6000 r--p 00b24000 08:02 1725511                    /usr/lib/jvm/java-7-openjdk-amd64/jre/lib/amd64/server/libjvm.so
7ff684ad6000-7ff684af9000 rw-p 00bbe000 08:02 1725511                    /usr/lib/jvm/java-7-openjdk-amd64/jre/lib/amd64/server/libjvm.so
7ff684af9000-7ff684b27000 rw-p 00000000 00:00 0 
7ff684b27000-7ff684b3f000 r-xp 00000000 08:02 266377                     /lib/x86_64-linux-gnu/libz.so.1.2.8
7ff684b3f000-7ff684d3e000 ---p 00018000 08:02 266377                     /lib/x86_64-linux-gnu/libz.so.1.2.8
7ff684d3e000-7ff684d3f000 r--p 00017000 08:02 266377                     /lib/x86_64-linux-gnu/libz.so.1.2.8
7ff684d3f000-7ff684d40000 rw-p 00018000 08:02 266377                     /lib/x86_64-linux-gnu/libz.so.1.2.8
7ff684d40000-7ff684d59000 r-xp 00000000 08:02 302056                     /lib/x86_64-linux-gnu/libpthread-2.19.so
7ff684d59000-7ff684f58000 ---p 00019000 08:02 302056                     /lib/x86_64-linux-gnu/libpthread-2.19.so
7ff684f58000-7ff684f59000 r--p 00018000 08:02 302056                     /lib/x86_64-linux-gnu/libpthread-2.19.so
7ff684f59000-7ff684f5a000 rw-p 00019000 08:02 302056                     /lib/x86_64-linux-gnu/libpthread-2.19.so
7ff684f5a000-7ff684f5e000 rw-p 00000000 00:00 0 
7ff684f5e000-7ff684f61000 r-xp 00000000 08:02 271164                     /lib/x86_64-linux-gnu/libdl-2.19.so
7ff684f61000-7ff685160000 ---p 00003000 08:02 271164                     /lib/x86_64-linux-gnu/libdl-2.19.so
7ff685160000-7ff685161000 r--p 00002000 08:02 271164                     /lib/x86_64-linux-gnu/libdl-2.19.so
7ff685161000-7ff685162000 rw-p 00003000 08:02 271164                     /lib/x86_64-linux-gnu/libdl-2.19.so
7ff685162000-7ff68531d000 r-xp 00000000 08:02 302064                     /lib/x86_64-linux-gnu/libc-2.19.so
7ff68531d000-7ff68551c000 ---p 001bb000 08:02 302064                     /lib/x86_64-linux-gnu/libc-2.19.so
7ff68551c000-7ff685520000 r--p 001ba000 08:02 302064                     /lib/x86_64-linux-gnu/libc-2.19.so
7ff685520000-7ff685522000 rw-p 001be000 08:02 302064                     /lib/x86_64-linux-gnu/libc-2.19.so
7ff685522000-7ff685527000 rw-p 00000000 00:00 0 
7ff685527000-7ff685534000 r-xp 00000000 08:02 1725543                    /usr/lib/jvm/java-7-openjdk-amd64/jre/lib/amd64/jli/libjli.so
7ff685534000-7ff685733000 ---p 0000d000 08:02 1725543                    /usr/lib/jvm/java-7-openjdk-amd64/jre/lib/amd64/jli/libjli.so
7ff685733000-7ff685734000 r--p 0000c000 08:02 1725543                    /usr/lib/jvm/java-7-openjdk-amd64/jre/lib/amd64/jli/libjli.so
7ff685734000-7ff685735000 rw-p 0000d000 08:02 1725543                    /usr/lib/jvm/java-7-openjdk-amd64/jre/lib/amd64/jli/libjli.so
7ff685735000-7ff685758000 r-xp 00000000 08:02 302057                     /lib/x86_64-linux-gnu/ld-2.19.so
7ff685761000-7ff685768000 r--s 00000000 08:02 1983950                    /usr/lib/x86_64-linux-gnu/gconv/gconv-modules.cache
7ff685768000-7ff685772000 rw-p 00000000 00:00 0 
7ff685772000-7ff685828000 rw-p 00000000 00:00 0 
7ff685828000-7ff68582b000 ---p 00000000 00:00 0 
7ff68582b000-7ff685929000 rwxp 00000000 00:00 0                          [stack:25885]
7ff685929000-7ff68592e000 rw-p 00000000 00:00 0 
7ff685931000-7ff685932000 rw-p 00000000 00:00 0 
7ff685932000-7ff685937000 r--s 00048000 08:02 5438732                    /home/zafer/Desktop/workspace/opencv-3.1.0/bin/opencv-310.jar
7ff685937000-7ff685938000 r--s 00002000 08:02 1725599                    /usr/lib/jvm/java-7-openjdk-amd64/jre/lib/ext/dnsns.jar
7ff685938000-7ff68593c000 r--s 00085000 08:02 1725607                    /usr/lib/jvm/java-7-openjdk-amd64/jre/lib/ext/localedata.jar
7ff68593c000-7ff685940000 r--s 00034000 08:02 1725603                    /usr/lib/jvm/java-7-openjdk-amd64/jre/lib/ext/sunjce_provider.jar
7ff685940000-7ff685944000 r--s 0003c000 08:02 1725609                    /usr/lib/jvm/java-7-openjdk-amd64/jre/lib/ext/sunpkcs11.jar
7ff685944000-7ff685946000 r--s 00006000 08:02 2100077                    /usr/share/java/java-atk-wrapper.jar
7ff685946000-7ff685949000 r--s 0000f000 08:02 1725605                    /usr/lib/jvm/java-7-openjdk-amd64/jre/lib/ext/icedtea-sound.jar
7ff685949000-7ff68594b000 r--s 00012000 08:02 1725601                    /usr/lib/jvm/java-7-openjdk-amd64/jre/lib/ext/zipfs.jar
7ff68594b000-7ff685953000 rw-s 00000000 08:02 1575214                    /tmp/hsperfdata_zafer/25880
7ff685953000-7ff685954000 rw-p 00000000 00:00 0 
7ff685954000-7ff685955000 r--p 00000000 00:00 0 
7ff685955000-7ff685957000 rw-p 00000000 00:00 0 
7ff685957000-7ff685958000 r--p 00022000 08:02 302057                     /lib/x86_64-linux-gnu/ld-2.19.so
7ff685958000-7ff685959000 rw-p 00023000 08:02 302057                     /lib/x86_64-linux-gnu/ld-2.19.so
7ff685959000-7ff68595a000 rw-p 00000000 00:00 0 
7ffec8a4c000-7ffec8a6c000 rwxp 00000000 00:00 0                          [stack]
7ffec8a6c000-7ffec8a6d000 rw-p 00000000 00:00 0 
7ffec8a9c000-7ffec8a9e000 r-xp 00000000 00:00 0                          [vdso]
7ffec8a9e000-7ffec8aa0000 r--p 00000000 00:00 0                          [vvar]
ffffffffff600000-ffffffffff601000 r-xp 00000000 00:00 0                  [vsyscall]

VM Arguments:
jvm_args: -Djava.library.path=/home/zafer/Desktop/workspace/opencv-3.1.0/lib -Dfile.encoding=UTF-8 
java_command: capture.Tetrix
Launcher Type: SUN_STANDARD

Environment Variables:
JAVA_HOME=/usr/lib/jvm/java-8-oracle
PATH=/usr/local/Qt-%VERSION%/bin:/home/zafer/bin:/usr/local/sbin:/usr/local/bin:/usr/sbin:/usr/bin:/sbin:/bin:/usr/games:/usr/local/games:/usr/lib/jvm/java-8-oracle/bin:/usr/lib/jvm/java-8-oracle/db/bin:/usr/lib/jvm/java-8-oracle/jre/bin
SHELL=/bin/bash
DISPLAY=:0

Signal Handlers:
SIGSEGV: [libjvm.so+0x9548f0], sa_mask[0]=0x7ffbfeff, sa_flags=0x10000004
SIGBUS: [libjvm.so+0x9548f0], sa_mask[0]=0x7ffbfeff, sa_flags=0x10000004
SIGFPE: [libjvm.so+0x7cb0b0], sa_mask[0]=0x7ffbfeff, sa_flags=0x10000004
SIGPIPE: [libjvm.so+0x7cb0b0], sa_mask[0]=0x7ffbfeff, sa_flags=0x10000004
SIGXFSZ: [libjvm.so+0x7cb0b0], sa_mask[0]=0x7ffbfeff, sa_flags=0x10000004
SIGILL: [libjvm.so+0x7cb0b0], sa_mask[0]=0x7ffbfeff, sa_flags=0x10000004
SIGUSR1: SIG_DFL, sa_mask[0]=0x00000000, sa_flags=0x00000000
SIGUSR2: [libjvm.so+0x7caf50], sa_mask[0]=0x00000004, sa_flags=0x10000004
SIGHUP: [libjvm.so+0x7cb130], sa_mask[0]=0x7ffbfeff, sa_flags=0x10000004
SIGINT: [libjvm.so+0x7cb130], sa_mask[0]=0x7ffbfeff, sa_flags=0x10000004
SIGTERM: [libjvm.so+0x7cb130], sa_mask[0]=0x7ffbfeff, sa_flags=0x10000004
SIGQUIT: [libjvm.so+0x7cb130], sa_mask[0]=0x7ffbfeff, sa_flags=0x10000004
SIGTRAP: SIG_DFL, sa_mask[0]=0x00000000, sa_flags=0x00000000


---------------  S Y S T E M  ---------------

OS:Ubuntu 14.04 (trusty)
uname:Linux 3.16.0-69-generic #89~14.04.1-Ubuntu SMP Thu Mar 17 20:51:04 UTC 2016 x86_64
libc:glibc 2.19 NPTL 2.19 
rlimit: STACK 8192k, CORE 0k, NPROC 22633, NOFILE 4096, AS infinity
load average:0,82 0,78 0,66

/proc/meminfo:
MemTotal:        6001904 kB
MemFree:          211604 kB
MemAvailable:     410540 kB
Buffers:            3388 kB
Cached:           721108 kB
SwapCached:        55136 kB
Active:          4121440 kB
Inactive:        1102208 kB
Active(anon):    3993516 kB
Inactive(anon):  1020548 kB
Active(file):     127924 kB
Inactive(file):    81660 kB
Unevictable:        1552 kB
Mlocked:            1552 kB
SwapTotal:       6180860 kB
SwapFree:        3302020 kB
Dirty:               212 kB
Writeback:             0 kB
AnonPages:       4479792 kB
Mapped:           543556 kB
Shmem:            514912 kB
Slab:             306056 kB
SReclaimable:     242756 kB
SUnreclaim:        63300 kB
KernelStack:       16480 kB
PageTables:       128516 kB
NFS_Unstable:          0 kB
Bounce:                0 kB
WritebackTmp:          0 kB
CommitLimit:     9181812 kB
Committed_AS:   18819048 kB
VmallocTotal:   34359738367 kB
VmallocUsed:      373960 kB
VmallocChunk:   34359313336 kB
HardwareCorrupted:     0 kB
AnonHugePages:    872448 kB
HugePages_Total:       0
HugePages_Free:        0
HugePages_Rsvd:        0
HugePages_Surp:        0
Hugepagesize:       2048 kB
DirectMap4k:       74092 kB
DirectMap2M:     6107136 kB


CPU:total 4 (2 cores per cpu, 2 threads per core) family 6 model 58 stepping 9, cmov, cx8, fxsr, mmx, sse, sse2, sse3, ssse3, sse4.1, sse4.2, popcnt, avx, aes, erms, ht, tsc, tscinvbit, tscinv

/proc/cpuinfo:
processor	: 0
vendor_id	: GenuineIntel
cpu family	: 6
model		: 58
model name	: Intel(R) Core(TM) i5-3210M CPU @ 2.50GHz
stepping	: 9
microcode	: 0x15
cpu MHz		: 2900.000
cache size	: 3072 KB
physical id	: 0
siblings	: 4
core id		: 0
cpu cores	: 2
apicid		: 0
initial apicid	: 0
fpu		: yes
fpu_exception	: yes
cpuid level	: 13
wp		: yes
flags		: fpu vme de pse tsc msr pae mce cx8 apic sep mtrr pge mca cmov pat pse36 clflush dts acpi mmx fxsr sse sse2 ss ht tm pbe syscall nx rdtscp lm constant_tsc arch_perfmon pebs bts rep_good nopl xtopology nonstop_tsc aperfmperf eagerfpu pni pclmulqdq dtes64 monitor ds_cpl vmx est tm2 ssse3 cx16 xtpr pdcm pcid sse4_1 sse4_2 x2apic popcnt tsc_deadline_timer aes xsave avx f16c rdrand lahf_lm ida arat epb xsaveopt pln pts dtherm tpr_shadow vnmi flexpriority ept vpid fsgsbase smep erms
bogomips	: 4988.24
clflush size	: 64
cache_alignment	: 64
address sizes	: 36 bits physical, 48 bits virtual
power management:

processor	: 1
vendor_id	: GenuineIntel
cpu family	: 6
model		: 58
model name	: Intel(R) Core(TM) i5-3210M CPU @ 2.50GHz
stepping	: 9
microcode	: 0x15
cpu MHz		: 2915.234
cache size	: 3072 KB
physical id	: 0
siblings	: 4
core id		: 1
cpu cores	: 2
apicid		: 2
initial apicid	: 2
fpu		: yes
fpu_exception	: yes
cpuid level	: 13
wp		: yes
flags		: fpu vme de pse tsc msr pae mce cx8 apic sep mtrr pge mca cmov pat pse36 clflush dts acpi mmx fxsr sse sse2 ss ht tm pbe syscall nx rdtscp lm constant_tsc arch_perfmon pebs bts rep_good nopl xtopology nonstop_tsc aperfmperf eagerfpu pni pclmulqdq dtes64 monitor ds_cpl vmx est tm2 ssse3 cx16 xtpr pdcm pcid sse4_1 sse4_2 x2apic popcnt tsc_deadline_timer aes xsave avx f16c rdrand lahf_lm ida arat epb xsaveopt pln pts dtherm tpr_shadow vnmi flexpriority ept vpid fsgsbase smep erms
bogomips	: 4988.24
clflush size	: 64
cache_alignment	: 64
address sizes	: 36 bits physical, 48 bits virtual
power management:

processor	: 2
vendor_id	: GenuineIntel
cpu family	: 6
model		: 58
model name	: Intel(R) Core(TM) i5-3210M CPU @ 2.50GHz
stepping	: 9
microcode	: 0x15
cpu MHz		: 2900.000
cache size	: 3072 KB
physical id	: 0
siblings	: 4
core id		: 0
cpu cores	: 2
apicid		: 1
initial apicid	: 1
fpu		: yes
fpu_exception	: yes
cpuid level	: 13
wp		: yes
flags		: fpu vme de pse tsc msr pae mce cx8 apic sep mtrr pge mca cmov pat pse36 clflush dts acpi mmx fxsr sse sse2 ss ht tm pbe syscall nx rdtscp lm constant_tsc arch_perfmon pebs bts rep_good nopl xtopology nonstop_tsc aperfmperf eagerfpu pni pclmulqdq dtes64 monitor ds_cpl vmx est tm2 ssse3 cx16 xtpr pdcm pcid sse4_1 sse4_2 x2apic popcnt tsc_deadline_timer aes xsave avx f16c rdrand lahf_lm ida arat epb xsaveopt pln pts dtherm tpr_shadow vnmi flexpriority ept vpid fsgsbase smep erms
bogomips	: 4988.24
clflush size	: 64
cache_alignment	: 64
address sizes	: 36 bits physical, 48 bits virtual
power management:

processor	: 3
vendor_id	: GenuineIntel
cpu family	: 6
model		: 58
model name	: Intel(R) Core(TM) i5-3210M CPU @ 2.50GHz
stepping	: 9
microcode	: 0x15
cpu MHz		: 2900.000
cache size	: 3072 KB
physical id	: 0
siblings	: 4
core id		: 1
cpu cores	: 2
apicid		: 3
initial apicid	: 3
fpu		: yes
fpu_exception	: yes
cpuid level	: 13
wp		: yes
flags		: fpu vme de pse tsc msr pae mce cx8 apic sep mtrr pge mca cmov pat pse36 clflush dts acpi mmx fxsr sse sse2 ss ht tm pbe syscall nx rdtscp lm constant_tsc arch_perfmon pebs bts rep_good nopl xtopology nonstop_tsc aperfmperf eagerfpu pni pclmulqdq dtes64 monitor ds_cpl vmx est tm2 ssse3 cx16 xtpr pdcm pcid sse4_1 sse4_2 x2apic popcnt tsc_deadline_timer aes xsave avx f16c rdrand lahf_lm ida arat epb xsaveopt pln pts dtherm tpr_shadow vnmi flexpriority ept vpid fsgsbase smep erms
bogomips	: 4988.24
clflush size	: 64
cache_alignment	: 64
address sizes	: 36 bits physical, 48 bits virtual
power management:



Memory: 4k page, physical 6001904k(211604k free), swap 6180860k(3302020k free)

vm_info: OpenJDK 64-Bit Server VM (24.95-b01) for linux-amd64 JRE (1.7.0_95-b00), built on Mar 24 2016 06:13:32 by "buildd" with gcc 4.8.2

time: Wed Mar 30 17:02:30 2016
elapsed time: 2 seconds

